#
# There is insufficient memory for the Java Runtime Environment to continue.
# Native memory allocation (mmap) failed to map 207093760 bytes for committing reserved memory.
# Possible reasons:
#   The system is out of physical RAM or swap space
#   The process is running with CompressedOops enabled, and the Java Heap may be blocking the growth of the native heap
# Possible solutions:
#   Reduce memory load on the system
#   Increase physical memory or swap space
#   Check if swap backing store is full
#   Decrease Java heap size (-Xmx/-Xms)
#   Decrease number of Java threads
#   Decrease Java thread stack sizes (-Xss)
#   Set larger code cache with -XX:ReservedCodeCacheSize=
#   JVM is running with Zero Based Compressed Oops mode in which the Java heap is
#     placed in the first 32GB address space. The Java Heap base address is the
#     maximum limit for the native heap growth. Please use -XX:HeapBaseMinAddress
#     to set the Java Heap base and to place the Java Heap above 32GB virtual address.
# This output file may be truncated or incomplete.
#
#  Out of Memory Error (os_linux.cpp:2749), pid=27399, tid=0x00007f90d9c0b700
#
# JRE version: Java(TM) SE Runtime Environment (8.0_241-b07) (build 1.8.0_241-b07)
# Java VM: Java HotSpot(TM) 64-Bit Server VM (25.241-b07 mixed mode linux-amd64 compressed oops)
# Failed to write core dump. Core dumps have been disabled. To enable core dumping, try "ulimit -c unlimited" before starting Java again
#

---------------  T H R E A D  ---------------

Current thread (0x00007f90f01ca800):  VMThread [stack: 0x00007f90d9b0c000,0x00007f90d9c0c000] [id=27409]

Stack: [0x00007f90d9b0c000,0x00007f90d9c0c000],  sp=0x00007f90d9c0a3f0,  free space=1016k
Native frames: (J=compiled Java code, j=interpreted, Vv=VM code, C=native code)
V  [libjvm.so+0xad9025]  VMError::report_and_die()+0x2e5
V  [libjvm.so+0x4e1457]  report_vm_out_of_memory(char const*, int, unsigned long, VMErrorType, char const*)+0x67
V  [libjvm.so+0x911f10]  os::pd_commit_memory(char*, unsigned long, unsigned long, bool)+0x100
V  [libjvm.so+0x90953f]  os::commit_memory(char*, unsigned long, unsigned long, bool)+0x1f
V  [libjvm.so+0x98e346]  PSVirtualSpace::expand_by(unsigned long)+0x56
V  [libjvm.so+0x98f5d8]  PSYoungGen::resize(unsigned long, unsigned long)+0xd8
V  [libjvm.so+0x98bd76]  PSScavenge::invoke_no_policy()+0x1376
V  [libjvm.so+0x98c10c]  PSScavenge::invoke()+0x4c
V  [libjvm.so+0x93be58]  ParallelScavengeHeap::failed_mem_allocate(unsigned long)+0x68
V  [libjvm.so+0xadab73]  VM_ParallelGCFailedAllocation::doit()+0x93
V  [libjvm.so+0xadfdc6]  VM_Operation::evaluate()+0x46
V  [libjvm.so+0xade0fd]  VMThread::evaluate_operation(VM_Operation*) [clone .constprop.44]+0xcd
V  [libjvm.so+0xade6e3]  VMThread::loop()+0x3a3
V  [libjvm.so+0xadeab8]  VMThread::run()+0x78
V  [libjvm.so+0x90f542]  java_start(Thread*)+0x102

VM_Operation (0x00007f90f84fe1f0): ParallelGCFailedAllocation, mode: safepoint, requested by thread 0x00007f90f000d000


---------------  P R O C E S S  ---------------

Java Threads: ( => current thread )
  0x00007f90f05f9800 JavaThread "resolver-5" daemon [_thread_blocked, id=27511, stack(0x00007f90d031c000,0x00007f90d041d000)]
  0x00007f90f05f8800 JavaThread "resolver-4" daemon [_thread_blocked, id=27510, stack(0x00007f90d041d000,0x00007f90d051e000)]
  0x00007f90f1056800 JavaThread "process reaper" daemon [_thread_blocked, id=27476, stack(0x00007f90d051e000,0x00007f90d0557000)]
  0x00007f90f101a800 JavaThread "resolver-3" daemon [_thread_blocked, id=27474, stack(0x00007f90d0557000,0x00007f90d0658000)]
  0x00007f90f1032800 JavaThread "resolver-2" daemon [_thread_blocked, id=27473, stack(0x00007f90d0658000,0x00007f90d0759000)]
  0x00007f90f1032000 JavaThread "resolver-1" daemon [_thread_blocked, id=27472, stack(0x00007f90d0759000,0x00007f90d085a000)]
  0x00007f9090001000 JavaThread "Attach Listener" daemon [_thread_blocked, id=27426, stack(0x00007f90d80a1000,0x00007f90d81a2000)]
  0x00007f90f0242000 JavaThread "Service Thread" daemon [_thread_blocked, id=27419, stack(0x00007f90d8d0d000,0x00007f90d8e0e000)]
  0x00007f90f023f000 JavaThread "C1 CompilerThread3" daemon [_thread_blocked, id=27418, stack(0x00007f90d8e0f000,0x00007f90d8f0f000)]
  0x00007f90f023d000 JavaThread "C2 CompilerThread2" daemon [_thread_blocked, id=27417, stack(0x00007f90d9127000,0x00007f90d9227000)]
  0x00007f90f023b800 JavaThread "C2 CompilerThread1" daemon [_thread_blocked, id=27416, stack(0x00007f90d9228000,0x00007f90d9328000)]
  0x00007f90f0235000 JavaThread "C2 CompilerThread0" daemon [_thread_blocked, id=27415, stack(0x00007f90d9329000,0x00007f90d9429000)]
  0x00007f90f0233800 JavaThread "Monitor Ctrl-Break" daemon [_thread_in_native, id=27413, stack(0x00007f90d9429000,0x00007f90d952a000)]
  0x00007f90f0209800 JavaThread "Signal Dispatcher" daemon [_thread_blocked, id=27412, stack(0x00007f90d952a000,0x00007f90d962b000)]
  0x00007f90f01d8800 JavaThread "Finalizer" daemon [_thread_blocked, id=27411, stack(0x00007f90d9909000,0x00007f90d9a0a000)]
  0x00007f90f01d4000 JavaThread "Reference Handler" daemon [_thread_blocked, id=27410, stack(0x00007f90d9a0a000,0x00007f90d9b0b000)]
  0x00007f90f000d000 JavaThread "main" [_thread_blocked, id=27400, stack(0x00007f90f8401000,0x00007f90f8501000)]

Other Threads:
=>0x00007f90f01ca800 VMThread [stack: 0x00007f90d9b0c000,0x00007f90d9c0c000] [id=27409]
  0x00007f90f0244800 WatcherThread [stack: 0x00007f90d8c0d000,0x00007f90d8d0d000] [id=27420]

VM state:at safepoint (normal execution)

VM Mutex/Monitor currently owned by a thread:  ([mutex/lock_event])
[0x00007f90f0007c70] Threads_lock - owner thread: 0x00007f90f01ca800
[0x00007f90f0009940] Heap_lock - owner thread: 0x00007f90f000d000

heap address: 0x00000006c9a00000, size: 3942 MB, Compressed Oops mode: Zero based, Oop shift amount: 3
Narrow klass base: 0x0000000000000000, Narrow klass shift: 3
Compressed class space size: 1073741824 Address: 0x00000007c0000000

Heap:
 PSYoungGen      total 724480K, used 97780K [0x000000076de00000, 0x00000007a5c80000, 0x00000007c0000000)
  eden space 626688K, 0% used [0x000000076de00000,0x000000076de00000,0x0000000794200000)
  from space 97792K, 99% used [0x0000000794200000,0x000000079a17d2d0,0x000000079a180000)
  to   space 26112K, 0% used [0x000000079a180000,0x000000079a180000,0x000000079bb00000)
 ParOldGen       total 442368K, used 286421K [0x00000006c9a00000, 0x00000006e4a00000, 0x000000076de00000)
  object space 442368K, 64% used [0x00000006c9a00000,0x00000006db1b5600,0x00000006e4a00000)
 Metaspace       used 30700K, capacity 32050K, committed 32256K, reserved 1077248K
  class space    used 3604K, capacity 3990K, committed 4096K, reserved 1048576K

Card table byte_map: [0x00007f90f4725000,0x00007f90f4ed9000] byte_map_base: 0x00007f90f10d8000

Marking Bits: (ParMarkBitMap*) 0x00007f90f78b8e60
 Begin Bits: [0x00007f90a44d0000, 0x00007f90a8268000)
 End Bits:   [0x00007f90a8268000, 0x00007f90ac000000)

Polling page: 0x00007f90f8528000

CodeCache: size=245760Kb used=22408Kb max_used=23025Kb free=223351Kb
 bounds [0x00007f90e1000000, 0x00007f90e26a0000, 0x00007f90f0000000]
 total_blobs=6130 nmethods=5729 adapters=314
 compilation: enabled

Compilation events (10 events):
Event: 22.594 Thread 0x00007f90f023f000 nmethod 7145 0x00007f90e1b96e50 code [0x00007f90e1b96fc0, 0x00007f90e1b972b0]
Event: 22.595 Thread 0x00007f90f0235000 nmethod 7140 0x00007f90e1445d50 code [0x00007f90e1445f00, 0x00007f90e14462c8]
Event: 22.604 Thread 0x00007f90f023b800 7150       4       org.apache.commons.compress.archivers.zip.ZipArchiveOutputStream::createCentralFileHeader (119 bytes)
Event: 22.604 Thread 0x00007f90f0235000 7151       4       org.apache.commons.compress.archivers.zip.ZipArchiveOutputStream::handleZip64Extra (127 bytes)
Event: 22.605 Thread 0x00007f90f0235000 nmethod 7151 0x00007f90e18aee50 code [0x00007f90e18aefa0, 0x00007f90e18af038]
Event: 22.605 Thread 0x00007f90f0235000 7152       4       org.apache.commons.compress.archivers.zip.ZipArchiveOutputStream::createCentralFileHeader (470 bytes)
Event: 22.607 Thread 0x00007f90f023d000 nmethod 7149 0x00007f90e197e690 code [0x00007f90e197e820, 0x00007f90e197f558]
Event: 22.607 Thread 0x00007f90f023d000 7153       4       org.apache.commons.compress.archivers.zip.ExtraFieldUtils::mergeCentralDirectoryData (230 bytes)
Event: 22.609 Thread 0x00007f90f023d000 nmethod 7153 0x00007f90e19c7550 code [0x00007f90e19c76a0, 0x00007f90e19c77d8]
Event: 22.614 Thread 0x00007f90f023b800 nmethod 7150 0x00007f90e1417e90 code [0x00007f90e14180a0, 0x00007f90e14188e8]

GC Heap History (10 events):
Event: 10.709 GC heap after
Heap after GC invocations=8 (full 0):
 PSYoungGen      total 526848K, used 10107K [0x000000076de00000, 0x000000078f000000, 0x00000007c0000000)
  eden space 512000K, 0% used [0x000000076de00000,0x000000076de00000,0x000000078d200000)
  from space 14848K, 68% used [0x000000078e180000,0x000000078eb5ec00,0x000000078f000000)
  to   space 15360K, 0% used [0x000000078d200000,0x000000078d200000,0x000000078e100000)
 ParOldGen       total 169472K, used 14650K [0x00000006c9a00000, 0x00000006d3f80000, 0x000000076de00000)
  object space 169472K, 8% used [0x00000006c9a00000,0x00000006ca84e900,0x00000006d3f80000)
 Metaspace       used 20479K, capacity 21208K, committed 21248K, reserved 1069056K
  class space    used 2339K, capacity 2560K, committed 2560K, reserved 1048576K
}
Event: 10.709 GC heap before
{Heap before GC invocations=9 (full 1):
 PSYoungGen      total 526848K, used 10107K [0x000000076de00000, 0x000000078f000000, 0x00000007c0000000)
  eden space 512000K, 0% used [0x000000076de00000,0x000000076de00000,0x000000078d200000)
  from space 14848K, 68% used [0x000000078e180000,0x000000078eb5ec00,0x000000078f000000)
  to   space 15360K, 0% used [0x000000078d200000,0x000000078d200000,0x000000078e100000)
 ParOldGen       total 169472K, used 14650K [0x00000006c9a00000, 0x00000006d3f80000, 0x000000076de00000)
  object space 169472K, 8% used [0x00000006c9a00000,0x00000006ca84e900,0x00000006d3f80000)
 Metaspace       used 20479K, capacity 21208K, committed 21248K, reserved 1069056K
  class space    used 2339K, capacity 2560K, committed 2560K, reserved 1048576K
Event: 10.799 GC heap after
Heap after GC invocations=9 (full 1):
 PSYoungGen      total 526848K, used 0K [0x000000076de00000, 0x000000078f000000, 0x00000007c0000000)
  eden space 512000K, 0% used [0x000000076de00000,0x000000076de00000,0x000000078d200000)
  from space 14848K, 0% used [0x000000078e180000,0x000000078e180000,0x000000078f000000)
  to   space 15360K, 0% used [0x000000078d200000,0x000000078d200000,0x000000078e100000)
 ParOldGen       total 115712K, used 22148K [0x00000006c9a00000, 0x00000006d0b00000, 0x000000076de00000)
  object space 115712K, 19% used [0x00000006c9a00000,0x00000006cafa12f8,0x00000006d0b00000)
 Metaspace       used 20479K, capacity 21208K, committed 21248K, reserved 1069056K
  class space    used 2339K, capacity 2560K, committed 2560K, reserved 1048576K
}
Event: 13.881 GC heap before
{Heap before GC invocations=10 (full 1):
 PSYoungGen      total 526848K, used 512000K [0x000000076de00000, 0x000000078f000000, 0x00000007c0000000)
  eden space 512000K, 100% used [0x000000076de00000,0x000000078d200000,0x000000078d200000)
  from space 14848K, 0% used [0x000000078e180000,0x000000078e180000,0x000000078f000000)
  to   space 15360K, 0% used [0x000000078d200000,0x000000078d200000,0x000000078e100000)
 ParOldGen       total 115712K, used 22148K [0x00000006c9a00000, 0x00000006d0b00000, 0x000000076de00000)
  object space 115712K, 19% used [0x00000006c9a00000,0x00000006cafa12f8,0x00000006d0b00000)
 Metaspace       used 29350K, capacity 30734K, committed 30848K, reserved 1077248K
  class space    used 3499K, capacity 3920K, committed 3968K, reserved 1048576K
Event: 13.905 GC heap after
Heap after GC invocations=10 (full 1):
 PSYoungGen      total 527360K, used 15355K [0x000000076de00000, 0x000000079bb00000, 0x00000007c0000000)
  eden space 512000K, 0% used [0x000000076de00000,0x000000076de00000,0x000000078d200000)
  from space 15360K, 99% used [0x000000078d200000,0x000000078e0fedd0,0x000000078e100000)
  to   space 26112K, 0% used [0x000000079a180000,0x000000079a180000,0x000000079bb00000)
 ParOldGen       total 115712K, used 45311K [0x00000006c9a00000, 0x00000006d0b00000, 0x000000076de00000)
  object space 115712K, 39% used [0x00000006c9a00000,0x00000006cc63ffc0,0x00000006d0b00000)
 Metaspace       used 29350K, capacity 30734K, committed 30848K, reserved 1077248K
  class space    used 3499K, capacity 3920K, committed 3968K, reserved 1048576K
}
Event: 18.689 GC heap before
{Heap before GC invocations=11 (full 1):
 PSYoungGen      total 527360K, used 527355K [0x000000076de00000, 0x000000079bb00000, 0x00000007c0000000)
  eden space 512000K, 100% used [0x000000076de00000,0x000000078d200000,0x000000078d200000)
  from space 15360K, 99% used [0x000000078d200000,0x000000078e0fedd0,0x000000078e100000)
  to   space 26112K, 0% used [0x000000079a180000,0x000000079a180000,0x000000079bb00000)
 ParOldGen       total 115712K, used 45311K [0x00000006c9a00000, 0x00000006d0b00000, 0x000000076de00000)
  object space 115712K, 39% used [0x00000006c9a00000,0x00000006cc63ffc0,0x00000006d0b00000)
 Metaspace       used 29538K, capacity 30880K, committed 31104K, reserved 1077248K
  class space    used 3519K, capacity 3923K, committed 3968K, reserved 1048576K
Event: 18.849 GC heap after
Heap after GC invocations=11 (full 1):
 PSYoungGen      total 652800K, used 26094K [0x000000076de00000, 0x00000007a5c80000, 0x00000007c0000000)
  eden space 626688K, 0% used [0x000000076de00000,0x000000076de00000,0x0000000794200000)
  from space 26112K, 99% used [0x000000079a180000,0x000000079bafb990,0x000000079bb00000)
  to   space 97792K, 0% used [0x0000000794200000,0x0000000794200000,0x000000079a180000)
 ParOldGen       total 230912K, used 230732K [0x00000006c9a00000, 0x00000006d7b80000, 0x000000076de00000)
  object space 230912K, 99% used [0x00000006c9a00000,0x00000006d7b533c0,0x00000006d7b80000)
 Metaspace       used 29538K, capacity 30880K, committed 31104K, reserved 1077248K
  class space    used 3519K, capacity 3923K, committed 3968K, reserved 1048576K
}
Event: 18.849 GC heap before
{Heap before GC invocations=12 (full 2):
 PSYoungGen      total 652800K, used 26094K [0x000000076de00000, 0x00000007a5c80000, 0x00000007c0000000)
  eden space 626688K, 0% used [0x000000076de00000,0x000000076de00000,0x0000000794200000)
  from space 26112K, 99% used [0x000000079a180000,0x000000079bafb990,0x000000079bb00000)
  to   space 97792K, 0% used [0x0000000794200000,0x0000000794200000,0x000000079a180000)
 ParOldGen       total 230912K, used 230732K [0x00000006c9a00000, 0x00000006d7b80000, 0x000000076de00000)
  object space 230912K, 99% used [0x00000006c9a00000,0x00000006d7b533c0,0x00000006d7b80000)
 Metaspace       used 29538K, capacity 30880K, committed 31104K, reserved 1077248K
  class space    used 3519K, capacity 3923K, committed 3968K, reserved 1048576K
Event: 19.096 GC heap after
Heap after GC invocations=12 (full 2):
 PSYoungGen      total 652800K, used 0K [0x000000076de00000, 0x00000007a5c80000, 0x00000007c0000000)
  eden space 626688K, 0% used [0x000000076de00000,0x000000076de00000,0x0000000794200000)
  from space 26112K, 0% used [0x000000079a180000,0x000000079a180000,0x000000079bb00000)
  to   space 97792K, 0% used [0x0000000794200000,0x0000000794200000,0x000000079a180000)
 ParOldGen       total 442368K, used 229051K [0x00000006c9a00000, 0x00000006e4a00000, 0x000000076de00000)
  object space 442368K, 51% used [0x00000006c9a00000,0x00000006d79aefb0,0x00000006e4a00000)
 Metaspace       used 29538K, capacity 30880K, committed 31104K, reserved 1077248K
  class space    used 3519K, capacity 3923K, committed 3968K, reserved 1048576K
}
Event: 22.620 GC heap before
{Heap before GC invocations=13 (full 2):
 PSYoungGen      total 652800K, used 626688K [0x000000076de00000, 0x00000007a5c80000, 0x00000007c0000000)
  eden space 626688K, 100% used [0x000000076de00000,0x0000000794200000,0x0000000794200000)
  from space 26112K, 0% used [0x000000079a180000,0x000000079a180000,0x000000079bb00000)
  to   space 97792K, 0% used [0x0000000794200000,0x0000000794200000,0x000000079a180000)
 ParOldGen       total 442368K, used 229051K [0x00000006c9a00000, 0x00000006e4a00000, 0x000000076de00000)
  object space 442368K, 51% used [0x00000006c9a00000,0x00000006d79aefb0,0x00000006e4a00000)
 Metaspace       used 30700K, capacity 32050K, committed 32256K, reserved 1077248K
  class space    used 3604K, capacity 3990K, committed 4096K, reserved 1048576K

Deoptimization events (10 events):
Event: 20.984 Thread 0x00007f90f000d000 Uncommon trap: reason=class_check action=maybe_recompile pc=0x00007f90e247f96c method=java.util.Collections$3.hasMoreElements()Z @ 4
Event: 20.985 Thread 0x00007f90f000d000 Uncommon trap: reason=class_check action=maybe_recompile pc=0x00007f90e2481314 method=java.util.Collections$3.nextElement()Ljava/lang/Object; @ 4
Event: 21.000 Thread 0x00007f90f000d000 Uncommon trap: reason=class_check action=maybe_recompile pc=0x00007f90e2481314 method=java.util.Collections$3.nextElement()Ljava/lang/Object; @ 4
Event: 21.037 Thread 0x00007f90f000d000 Uncommon trap: reason=bimorphic action=maybe_recompile pc=0x00007f90e2158630 method=java.io.SequenceInputStream.read([BII)I @ 58
Event: 21.203 Thread 0x00007f90f000d000 Uncommon trap: reason=bimorphic action=maybe_recompile pc=0x00007f90e2157ca4 method=java.io.SequenceInputStream.read([BII)I @ 58
Event: 21.203 Thread 0x00007f90f000d000 Uncommon trap: reason=bimorphic action=maybe_recompile pc=0x00007f90e2157ca4 method=java.io.SequenceInputStream.read([BII)I @ 58
Event: 21.203 Thread 0x00007f90f000d000 Uncommon trap: reason=bimorphic action=maybe_recompile pc=0x00007f90e2157ca4 method=java.io.SequenceInputStream.read([BII)I @ 58
Event: 22.591 Thread 0x00007f90f000d000 Uncommon trap: reason=unstable_if action=reinterpret pc=0x00007f90e1358dc0 method=java.io.BufferedOutputStream.write([BII)V @ 6
Event: 22.595 Thread 0x00007f90f000d000 Uncommon trap: reason=unstable_if action=reinterpret pc=0x00007f90e12bfeb4 method=java.io.BufferedOutputStream.write([BII)V @ 6
Event: 22.598 Thread 0x00007f90f000d000 Uncommon trap: reason=unstable_if action=reinterpret pc=0x00007f90e1269f88 method=java.io.BufferedOutputStream.write([BII)V @ 6

Classes redefined (0 events):
No events

Internal exceptions (10 events):
Event: 11.571 Thread 0x00007f90f000d000 Exception <a 'java/lang/NoClassDefFoundError': org/sonatype/aether/artifact/Artifact> (0x00000007749cf440) thrown at [/scratch/jenkins/workspace/8-2-build-linux-amd64/jdk8u241/331/hotspot/src/share/vm/classfile/systemDictionary.cpp, line 199]
Event: 11.571 Thread 0x00007f90f000d000 Exception <a 'java/lang/NoClassDefFoundError': org/sonatype/aether/resolution/ArtifactResolutionException> (0x00000007749e6a18) thrown at [/scratch/jenkins/workspace/8-2-build-linux-amd64/jdk8u241/331/hotspot/src/share/vm/classfile/systemDictionary.cpp, l
Event: 11.578 Thread 0x00007f90f000d000 Exception <a 'java/lang/NoClassDefFoundError': org/sonatype/aether/artifact/Artifact> (0x0000000774ae1b60) thrown at [/scratch/jenkins/workspace/8-2-build-linux-amd64/jdk8u241/331/hotspot/src/share/vm/classfile/systemDictionary.cpp, line 199]
Event: 11.579 Thread 0x00007f90f000d000 Exception <a 'java/lang/NoClassDefFoundError': org/sonatype/aether/installation/InstallationException> (0x0000000774b1aac8) thrown at [/scratch/jenkins/workspace/8-2-build-linux-amd64/jdk8u241/331/hotspot/src/share/vm/classfile/systemDictionary.cpp, line 
Event: 11.580 Thread 0x00007f90f000d000 Exception <a 'java/lang/NoClassDefFoundError': org/sonatype/aether/deployment/DeploymentException> (0x0000000774b3b1f0) thrown at [/scratch/jenkins/workspace/8-2-build-linux-amd64/jdk8u241/331/hotspot/src/share/vm/classfile/systemDictionary.cpp, line 199]
Event: 11.702 Thread 0x00007f90f000d000 Implicit null exception at 0x00007f90e1260cf5 to 0x00007f90e12610b1
Event: 11.702 Thread 0x00007f90f000d000 Implicit null exception at 0x00007f90e1200a36 to 0x00007f90e1200df5
Event: 12.339 Thread 0x00007f90f000d000 Exception <a 'java/lang/NoClassDefFoundError': org/sonatype/aether/version/VersionConstraint> (0x000000077b7e99b0) thrown at [/scratch/jenkins/workspace/8-2-build-linux-amd64/jdk8u241/331/hotspot/src/share/vm/classfile/systemDictionary.cpp, line 199]
Event: 12.358 Thread 0x00007f90f000d000 Implicit null exception at 0x00007f90e1c417f9 to 0x00007f90e1c41bcd
Event: 12.358 Thread 0x00007f90f000d000 Implicit null exception at 0x00007f90e1bf5ba3 to 0x00007f90e1bf5f69

Events (10 events):
Event: 22.591 Thread 0x00007f90f000d000 Uncommon trap: trap_request=0xffffff65 fr.pc=0x00007f90e1358dc0
Event: 22.591 Thread 0x00007f90f000d000 DEOPT PACKING pc=0x00007f90e1358dc0 sp=0x00007f90f84fe3a0
Event: 22.591 Thread 0x00007f90f000d000 DEOPT UNPACKING pc=0x00007f90e104573a sp=0x00007f90f84fe1d0 mode 2
Event: 22.595 Thread 0x00007f90f000d000 Uncommon trap: trap_request=0xffffff65 fr.pc=0x00007f90e12bfeb4
Event: 22.595 Thread 0x00007f90f000d000 DEOPT PACKING pc=0x00007f90e12bfeb4 sp=0x00007f90f84fe2d0
Event: 22.595 Thread 0x00007f90f000d000 DEOPT UNPACKING pc=0x00007f90e104573a sp=0x00007f90f84fe210 mode 2
Event: 22.598 Thread 0x00007f90f000d000 Uncommon trap: trap_request=0xffffff65 fr.pc=0x00007f90e1269f88
Event: 22.598 Thread 0x00007f90f000d000 DEOPT PACKING pc=0x00007f90e1269f88 sp=0x00007f90f84fe230
Event: 22.598 Thread 0x00007f90f000d000 DEOPT UNPACKING pc=0x00007f90e104573a sp=0x00007f90f84fe200 mode 2
Event: 22.620 Executing VM operation: ParallelGCFailedAllocation


Dynamic libraries:
00400000-00401000 r-xp 00000000 08:04 11018628                           /home/atom/software/util/jdk1.8.0_241/bin/java
00600000-00601000 r--p 00000000 08:04 11018628                           /home/atom/software/util/jdk1.8.0_241/bin/java
00601000-00602000 rw-p 00001000 08:04 11018628                           /home/atom/software/util/jdk1.8.0_241/bin/java
0152c000-0154d000 rw-p 00000000 00:00 0                                  [heap]
6c9a00000-6e4a00000 rw-p 00000000 00:00 0 
6e4a00000-76de00000 ---p 00000000 00:00 0 
76de00000-7a5c80000 rw-p 00000000 00:00 0 
7b2200000-7c0000000 ---p 00000000 00:00 0 
7c0000000-7c0400000 rw-p 00000000 00:00 0 
7c0400000-800000000 ---p 00000000 00:00 0 
7f9050000000-7f9050021000 rw-p 00000000 00:00 0 
7f9050021000-7f9054000000 ---p 00000000 00:00 0 
7f9054000000-7f9054021000 rw-p 00000000 00:00 0 
7f9054021000-7f9058000000 ---p 00000000 00:00 0 
7f9058000000-7f9058021000 rw-p 00000000 00:00 0 
7f9058021000-7f905c000000 ---p 00000000 00:00 0 
7f905c000000-7f905c021000 rw-p 00000000 00:00 0 
7f905c021000-7f9060000000 ---p 00000000 00:00 0 
7f9060000000-7f9060021000 rw-p 00000000 00:00 0 
7f9060021000-7f9064000000 ---p 00000000 00:00 0 
7f9064000000-7f9064021000 rw-p 00000000 00:00 0 
7f9064021000-7f9068000000 ---p 00000000 00:00 0 
7f9068000000-7f9068021000 rw-p 00000000 00:00 0 
7f9068021000-7f906c000000 ---p 00000000 00:00 0 
7f906c000000-7f906c021000 rw-p 00000000 00:00 0 
7f906c021000-7f9070000000 ---p 00000000 00:00 0 
7f9070000000-7f9070021000 rw-p 00000000 00:00 0 
7f9070021000-7f9074000000 ---p 00000000 00:00 0 
7f9074000000-7f9074021000 rw-p 00000000 00:00 0 
7f9074021000-7f9078000000 ---p 00000000 00:00 0 
7f9078000000-7f9078021000 rw-p 00000000 00:00 0 
7f9078021000-7f907c000000 ---p 00000000 00:00 0 
7f907c000000-7f907c021000 rw-p 00000000 00:00 0 
7f907c021000-7f9080000000 ---p 00000000 00:00 0 
7f9080000000-7f9081a1e000 rw-p 00000000 00:00 0 
7f9081a1e000-7f9084000000 ---p 00000000 00:00 0 
7f9084000000-7f90850db000 rw-p 00000000 00:00 0 
7f90850db000-7f9088000000 ---p 00000000 00:00 0 
7f9088000000-7f9089bbe000 rw-p 00000000 00:00 0 
7f9089bbe000-7f908c000000 ---p 00000000 00:00 0 
7f908c000000-7f908d7cc000 rw-p 00000000 00:00 0 
7f908d7cc000-7f9090000000 ---p 00000000 00:00 0 
7f9090000000-7f9090021000 rw-p 00000000 00:00 0 
7f9090021000-7f9094000000 ---p 00000000 00:00 0 
7f9094000000-7f9094021000 rw-p 00000000 00:00 0 
7f9094021000-7f9098000000 ---p 00000000 00:00 0 
7f9098000000-7f9098021000 rw-p 00000000 00:00 0 
7f9098021000-7f909c000000 ---p 00000000 00:00 0 
7f909c000000-7f909c021000 rw-p 00000000 00:00 0 
7f909c021000-7f90a0000000 ---p 00000000 00:00 0 
7f90a0000000-7f90a029e000 rw-p 00000000 00:00 0 
7f90a029e000-7f90a4000000 ---p 00000000 00:00 0 
7f90a44d0000-7f90ac000000 rw-p 00000000 00:00 0 
7f90ac000000-7f90ac021000 rw-p 00000000 00:00 0 
7f90ac021000-7f90b0000000 ---p 00000000 00:00 0 
7f90b0000000-7f90b0021000 rw-p 00000000 00:00 0 
7f90b0021000-7f90b4000000 ---p 00000000 00:00 0 
7f90b4000000-7f90b4021000 rw-p 00000000 00:00 0 
7f90b4021000-7f90b8000000 ---p 00000000 00:00 0 
7f90bc000000-7f90bc021000 rw-p 00000000 00:00 0 
7f90bc021000-7f90c0000000 ---p 00000000 00:00 0 
7f90c4000000-7f90c4021000 rw-p 00000000 00:00 0 
7f90c4021000-7f90c8000000 ---p 00000000 00:00 0 
7f90cb08e000-7f90cb08f000 r--s 00004000 08:04 11408583                   /home/atom/work/miu/big_data_technology/project/finalproject/target/finalproject-1.0-SNAPSHOT.jar
7f90cb08f000-7f90cb098000 r--s 0006e000 08:04 10630950                   /home/atom/.m2/repository/net/liftweb/lift-json_2.10/3.0-M1/lift-json_2.10-3.0-M1.jar
7f90cb098000-7f90cb0ac000 r--s 000ec000 08:04 11151874                   /home/atom/.m2/repository/org/apache/parquet/parquet-jackson/1.7.0/parquet-jackson-1.7.0.jar
7f90cb0ac000-7f90cb0b3000 r--s 00058000 08:04 11019575                   /home/atom/.m2/repository/org/apache/parquet/parquet-format/2.3.0-incubating/parquet-format-2.3.0-incubating.jar
7f90cb0b3000-7f90cb0b8000 r--s 0002f000 08:04 11017311                   /home/atom/.m2/repository/org/apache/parquet/parquet-hadoop/1.7.0/parquet-hadoop-1.7.0.jar
7f90cb0b8000-7f90cb0ba000 r--s 00004000 08:04 11019147                   /home/atom/.m2/repository/org/apache/parquet/parquet-generator/1.7.0/parquet-generator-1.7.0.jar
7f90cb0ba000-7f90cb0c0000 r--s 00040000 08:04 11017083                   /home/atom/.m2/repository/org/apache/parquet/parquet-encoding/1.7.0/parquet-encoding-1.7.0.jar
7f90cb0c0000-7f90cb0c2000 r--s 00004000 08:04 11017021                   /home/atom/.m2/repository/org/apache/parquet/parquet-common/1.7.0/parquet-common-1.7.0.jar
7f90cb0c2000-7f90cb0d8000 r--s 000ca000 08:04 11019562                   /home/atom/.m2/repository/org/apache/parquet/parquet-column/1.7.0/parquet-column-1.7.0.jar
7f90cb0d8000-7f90cb0da000 r--s 00006000 08:04 11016874                   /home/atom/.m2/repository/org/codehaus/janino/commons-compiler/2.7.8/commons-compiler-2.7.8.jar
7f90cb0da000-7f90cb0dd000 r--s 0001a000 08:04 8265943                    /home/atom/software/util/jdk1.8.0_241/jre/lib/jce.jar
7f90cb0dd000-7f90cb0f9000 r--s 00393000 08:04 8524384                    /home/atom/software/util/jdk1.8.0_241/jre/lib/ext/cldrdata.jar
7f90cb0f9000-7f90cb103000 r--s 00116000 08:04 8525132                    /home/atom/software/util/jdk1.8.0_241/jre/lib/ext/localedata.jar
7f90cb103000-7f90cb10c000 r--s 0008d000 08:04 10630802                   /home/atom/.m2/repository/org/codehaus/janino/janino/2.7.8/janino-2.7.8.jar
7f90cb10c000-7f90cb172000 r--s 00487000 08:04 11016749                   /home/atom/.m2/repository/org/apache/spark/spark-catalyst_2.10/1.6.0/spark-catalyst_2.10-1.6.0.jar
7f90cb172000-7f90cb1c0000 r--s 00380000 08:04 11016970                   /home/atom/.m2/repository/org/apache/spark/spark-sql_2.10/1.6.0/spark-sql_2.10-1.6.0.jar
7f90cb1c0000-7f90cb1c2000 r--s 0000e000 08:04 10892914                   /home/atom/.m2/repository/com/101tec/zkclient/0.3/zkclient-0.3.jar
7f90cb1c2000-7f90cb1c9000 r--s 00049000 08:04 10892920                   /home/atom/.m2/repository/org/apache/kafka/kafka-clients/0.8.2.1/kafka-clients-0.8.2.1.jar
7f90cb1c9000-7f90cb1cc000 r--s 00012000 08:04 10770710                   /home/atom/.m2/repository/com/yammer/metrics/metrics-core/2.2.0/metrics-core-2.2.0.jar
7f90cb1cc000-7f90cb214000 r--s 00387000 08:04 11019530                   /home/atom/.m2/repository/org/apache/kafka/kafka_2.10/0.8.2.1/kafka_2.10-0.8.2.1.jar
7f90cb214000-7f90cb21b000 r--s 0003f000 08:04 11019528                   /home/atom/.m2/repository/org/apache/spark/spark-streaming-kafka_2.10/1.6.0/spark-streaming-kafka_2.10-1.6.0.jar
7f90cb21b000-7f90cb251000 r--s 002d9000 08:04 11019503                   /home/atom/.m2/repository/org/scala-lang/scala-reflect/2.10.4/scala-reflect-2.10.4.jar
7f90cb251000-7f90cb34e000 r--s 00cca000 08:04 11015729                   /home/atom/.m2/repository/org/scala-lang/scala-compiler/2.10.4/scala-compiler-2.10.4.jar
7f90cb34e000-7f90cb361000 r--s 000be000 08:04 11016114                   /home/atom/.m2/repository/org/scala-lang/scalap/2.10.4/scalap-2.10.4.jar
7f90cb361000-7f90cb363000 r--s 00038000 08:04 10650283                   /home/atom/.m2/repository/net/jpountz/lz4/lz4/1.3.0/lz4-1.3.0.jar
7f90cb363000-7f90cb365000 r--s 00008000 08:04 11019493                   /home/atom/.m2/repository/org/apache/spark/spark-unsafe_2.10/1.6.0/spark-unsafe_2.10-1.6.0.jar
7f90cb365000-7f90cb369000 r--s 00034000 08:04 10756650                   /home/atom/.m2/repository/com/fasterxml/jackson/core/jackson-core/2.4.4/jackson-core-2.4.4.jar
7f90cb369000-7f90cb36c000 r--s 00007000 08:04 10756512                   /home/atom/.m2/repository/com/fasterxml/jackson/core/jackson-annotations/2.4.4/jackson-annotations-2.4.4.jar
7f90cb36c000-7f90cb37d000 r--s 000f6000 08:04 10756727                   /home/atom/.m2/repository/com/fasterxml/jackson/core/jackson-databind/2.4.4/jackson-databind-2.4.4.jar
7f90cb37d000-7f90cb37e000 r--s 00000000 08:04 10652581                   /home/atom/.m2/repository/org/spark-project/spark/unused/1.0.0/unused-1.0.0.jar
7f90cb37e000-7f90cb387000 r--s 0006f000 08:04 10229085                   /home/atom/.m2/repository/log4j/log4j/1.2.17/log4j-1.2.17.jar
7f90cb387000-7f90cb389000 r--s 00010000 08:04 11019127                   /home/atom/.m2/repository/commons-codec/commons-codec/1.5/commons-codec-1.5.jar
7f90cb389000-7f90cb38c000 r--s 00006000 08:04 10229125                   /home/atom/.m2/repository/com/google/code/findbugs/jsr305/1.3.9/jsr305-1.3.9.jar
7f90cb38c000-7f90cb38e000 r--s 00007000 08:04 10363305                   /home/atom/.m2/repository/org/objenesis/objenesis/1.2/objenesis-1.2.jar
7f90cb38e000-7f90cb390000 r--s 00000000 08:04 10647794                   /home/atom/.m2/repository/com/esotericsoftware/minlog/minlog/1.2/minlog-1.2.jar
7f90cb390000-7f90cb392000 r--s 0000f000 08:04 10647734                   /home/atom/.m2/repository/com/esotericsoftware/reflectasm/reflectasm/1.07/reflectasm-1.07-shaded.jar
7f90cb392000-7f90cb398000 r--s 00053000 08:04 10647696                   /home/atom/.m2/repository/com/esotericsoftware/kryo/kryo/2.21/kryo-2.21.jar
7f90cb398000-7f90cb39a000 r--s 0000a000 08:04 10648388                   /home/atom/.m2/repository/com/twitter/chill-java/0.5.0/chill-java-0.5.0.jar
7f90cb39a000-7f90cb40c000 r--s 0065a000 08:04 10884850                   /home/atom/.m2/repository/org/scala-lang/scala-library/2.10.4/scala-library-2.10.4.jar
7f90cb40c000-7f90cb410000 r--s 00032000 08:04 10890480                   /home/atom/.m2/repository/com/twitter/chill_2.10/0.5.0/chill_2.10-0.5.0.jar
7f90cb410000-7f90cb411000 r--s 00007000 08:04 10756629                   /home/atom/.m2/repository/org/slf4j/slf4j-api/1.7.10/slf4j-api-1.7.10.jar
7f90cb411000-7f90cb413000 r--s 0008f000 08:04 10883944                   /home/atom/.m2/repository/org/xerial/snappy/snappy-java/1.1.1.6/snappy-java-1.1.1.6.jar
7f90cb413000-7f90cb415000 r--s 00006000 08:04 10631003                   /home/atom/.m2/repository/com/thoughtworks/paranamer/paranamer/2.4.1/paranamer-2.4.1.jar
7f90cb415000-7f90cb423000 r--s 000b1000 08:04 10229223                   /home/atom/.m2/repository/org/codehaus/jackson/jackson-mapper-asl/1.9.13/jackson-mapper-asl-1.9.13.jar
7f90cb423000-7f90cb427000 r--s 00035000 08:04 11151878                   /home/atom/.m2/repository/org/codehaus/jackson/jackson-core-asl/1.9.11/jackson-core-asl-1.9.11.jar
7f90cb427000-7f90cb5a7000 rw-p 00000000 00:00 0 
7f90cb5a7000-7f90cb627000 ---p 00000000 00:00 0 
7f90cb627000-7f90cb629000 r--s 00005000 08:04 11019051                   /home/atom/.m2/repository/org/apache/maven/wagon/wagon-ssh-common/2.2/wagon-ssh-common-2.2.jar
7f90cb629000-7f90cb62b000 r--s 00006000 08:04 11019049                   /home/atom/.m2/repository/org/apache/maven/wagon/wagon-ssh/2.2/wagon-ssh-2.2.jar
7f90cb62b000-7f90cb62e000 r--s 00034000 08:04 10883801                   /home/atom/.m2/repository/org/codehaus/plexus/plexus-utils/2.1/plexus-utils-2.1.jar
7f90cb62e000-7f90cb631000 r--s 0000a000 08:04 11152618                   /home/atom/.m2/repository/org/codehaus/plexus/plexus-io/1.0/plexus-io-1.0.jar
7f90cb631000-7f90cb635000 r--s 00028000 08:04 11152617                   /home/atom/.m2/repository/org/codehaus/plexus/plexus-archiver/1.0/plexus-archiver-1.0.jar
7f90cb635000-7f90cb636000 r--s 00004000 08:04 11152611                   /home/atom/.m2/repository/org/apache/maven/maven-archiver/2.4.1/maven-archiver-2.4.1.jar
7f90cb636000-7f90cb637000 r--s 00002000 08:04 11152603                   /home/atom/.m2/repository/org/apache/maven/reporting/maven-reporting-api/2.0.7/maven-reporting-api-2.0.7.jar
7f90cb637000-7f90cb646000 r--s 000d2000 08:04 7214232                    /home/atom/.m2/repository/biz/aQute/bndlib/1.50.0/bndlib-1.50.0.jar
7f90cb646000-7f90cb649000 r--s 0001c000 08:04 11152597                   /home/atom/.m2/repository/org/apache/felix/maven-bundle-plugin/2.3.7/maven-bundle-plugin-2.3.7.jar
7f90cb649000-7f90cb64b000 r--s 00007000 08:04 11152549                   /home/atom/.m2/repository/org/apache/maven/scm/maven-scm-provider-git-commons/1.3/maven-scm-provider-git-commons-1.3.jar
7f90cb64b000-7f90cb64e000 r--s 0000a000 08:04 11152545                   /home/atom/.m2/repository/org/apache/maven/scm/maven-scm-provider-gitexe/1.3/maven-scm-provider-gitexe-1.3.jar
7f90cb64e000-7f90cb64f000 r--s 00002000 08:04 11152541                   /home/atom/.m2/repository/org/apache/maven/scm/maven-scm-manager-plexus/1.3/maven-scm-manager-plexus-1.3.jar
7f90cb64f000-7f90cb654000 r--s 0003d000 08:04 11152543                   /home/atom/.m2/repository/org/codehaus/plexus/plexus-utils/1.5.8/plexus-utils-1.5.8.jar
7f90cb654000-7f90cb657000 r--s 00013000 08:04 11152539                   /home/atom/.m2/repository/org/apache/maven/scm/maven-scm-api/1.3/maven-scm-api-1.3.jar
7f90cb657000-7f90cb658000 r--s 00004000 08:04 11152537                   /home/atom/.m2/repository/org/kathrynhuxtable/maven/wagon/wagon-gitsite/0.3.1/wagon-gitsite-0.3.1.jar
7f90cb658000-7f90cb65e000 r--s 00034000 08:04 11152483                   /home/atom/.m2/repository/junit/junit/4.8.2/junit-4.8.2.jar
7f90cb65e000-7f90cb65f000 r--s 00002000 08:04 11152481                   /home/atom/.m2/repository/org/apache/maven/scm/maven-scm-manager-plexus/1.7/maven-scm-manager-plexus-1.7.jar
7f90cb65f000-7f90cb663000 r--s 00015000 08:04 11152465                   /home/atom/.m2/repository/org/apache/maven/scm/maven-scm-api/1.7/maven-scm-api-1.7.jar
7f90cb663000-7f90cb665000 r--s 00008000 08:04 11152463                   /home/atom/.m2/repository/org/apache/maven/scm/maven-scm-provider-git-commons/1.7/maven-scm-provider-git-commons-1.7.jar
7f90cb665000-7f90cb667000 r--s 00005000 08:04 7612970                    /home/atom/.m2/repository/regexp/regexp/1.3/regexp-1.3.jar
7f90cb667000-7f90cb66a000 r--s 0000d000 08:04 11152461                   /home/atom/.m2/repository/org/apache/maven/scm/maven-scm-provider-gitexe/1.7/maven-scm-provider-gitexe-1.7.jar
7f90cb66a000-7f90cb86a000 rw-p 00000000 00:00 0 
7f90cb86a000-7f90cb86d000 r--s 0002f000 08:04 11019037                   /home/atom/.m2/repository/org/codehaus/plexus/plexus-utils/1.4.7/plexus-utils-1.4.7.jar
7f90cb86d000-7f90cb870000 r--s 00020000 08:04 11019034                   /home/atom/.m2/repository/org/codehaus/plexus/plexus-archiver/1.0-alpha-7/plexus-archiver-1.0-alpha-7.jar
7f90cb870000-7f90cb871000 r--s 00002000 08:04 11019025                   /home/atom/.m2/repository/org/apache/maven/maven-archiver/2.2/maven-archiver-2.2.jar
7f90cb871000-7f90cb872000 r--s 00002000 08:04 11019009                   /home/atom/.m2/repository/org/apache/felix/org.osgi.service.obr/1.0.1/org.osgi.service.obr-1.0.1.jar
7f90cb872000-7f90cb874000 r--s 0000d000 08:04 11019008                   /home/atom/.m2/repository/org/apache/felix/org.osgi.core/1.0.0/org.osgi.core-1.0.0.jar
7f90cb874000-7f90cb878000 r--s 00024000 08:04 11019004                   /home/atom/.m2/repository/org/osgi/org.osgi.core/4.1.0/org.osgi.core-4.1.0.jar
7f90cb878000-7f90cb87b000 r--s 00022000 08:04 11019001                   /home/atom/.m2/repository/org/apache/felix/org.apache.felix.bundlerepository/1.6.2/org.apache.felix.bundlerepository-1.6.2.jar
7f90cb87b000-7f90cb87c000 r--s 00001000 08:04 7348641                    /home/atom/.m2/repository/xmlpull/xmlpull/1.1.3.1/xmlpull-1.1.3.1.jar
7f90cb87c000-7f90cb87d000 r--s 0000a000 08:04 11018999                   /home/atom/.m2/repository/net/sf/kxml/kxml2/2.2.2/kxml2-2.2.2.jar
7f90cb87d000-7f90cb881000 r--s 00041000 08:04 7214211                    /home/atom/.m2/repository/biz/aQute/bndlib/0.0.357/bndlib-0.0.357.jar
7f90cb881000-7f90cb884000 r--s 0001e000 08:04 11018997                   /home/atom/.m2/repository/org/apache/felix/maven-bundle-plugin/2.1.0/maven-bundle-plugin-2.1.0.jar
7f90cb884000-7f90cb886000 r--s 00005000 08:04 11152426                   /home/atom/.m2/repository/org/apache/maven/wagon/wagon-ssh-common/1.0-beta-5/wagon-ssh-common-1.0-beta-5.jar
7f90cb886000-7f90cb889000 r--s 0002c000 08:04 10754955                   /home/atom/.m2/repository/org/codehaus/plexus/plexus-utils/1.4.2/plexus-utils-1.4.2.jar
7f90cb889000-7f90cb88a000 r--s 00003000 08:04 11152424                   /home/atom/.m2/repository/org/apache/maven/wagon/wagon-ssh-external/1.0-beta-5/wagon-ssh-external-1.0-beta-5.jar
7f90cb88a000-7f90cb88d000 r--s 00023000 08:04 10755716                   /home/atom/.m2/repository/org/jdom/jdom/1.1/jdom-1.1.jar
7f90cb88d000-7f90cb88f000 r--s 00004000 08:04 10756176                   /home/atom/.m2/repository/org/apache/maven/doxia/doxia-module-xhtml/1.0/doxia-module-xhtml-1.0.jar
7f90cb88f000-7f90cb890000 r--s 00006000 08:04 10756174                   /home/atom/.m2/repository/org/apache/maven/doxia/doxia-module-xdoc/1.0/doxia-module-xdoc-1.0.jar
7f90cb890000-7f90cb891000 r--s 00004000 08:04 10756171                   /home/atom/.m2/repository/org/apache/maven/doxia/doxia-module-fml/1.0/doxia-module-fml-1.0.jar
7f90cb891000-7f90cb893000 r--s 0000a000 08:04 10756168                   /home/atom/.m2/repository/org/apache/maven/doxia/doxia-module-apt/1.0/doxia-module-apt-1.0.jar
7f90cb893000-7f90cb8a0000 r--s 0007f000 08:04 10754942                   /home/atom/.m2/repository/commons-collections/commons-collections/3.2/commons-collections-3.2.jar
7f90cb8a0000-7f90cb8a1000 r--s 0000b000 08:04 10756147                   /home/atom/.m2/repository/org/apache/maven/doxia/doxia-decoration-model/1.0/doxia-decoration-model-1.0.jar
7f90cb8a1000-7f90cb8a3000 r--s 0000e000 08:04 10620679                   /home/atom/.m2/repository/oro/oro/2.0.8/oro-2.0.8.jar
7f90cb8a3000-7f90cb8ab000 r--s 00058000 08:04 10756165                   /home/atom/.m2/repository/org/apache/velocity/velocity/1.5/velocity-1.5.jar
7f90cb8ab000-7f90cb8ac000 r--s 00001000 08:04 10756164                   /home/atom/.m2/repository/org/codehaus/plexus/plexus-velocity/1.1.7/plexus-velocity-1.1.7.jar
7f90cb8ac000-7f90cb8ad000 r--s 00002000 08:04 10756163                   /home/atom/.m2/repository/org/codehaus/plexus/plexus-i18n/1.0-beta-7/plexus-i18n-1.0-beta-7.jar
7f90cb8ad000-7f90cb8b0000 r--s 0000b000 08:04 10756144                   /home/atom/.m2/repository/org/apache/maven/doxia/doxia-core/1.0/doxia-core-1.0.jar
7f90cb8b0000-7f90cb8b2000 r--s 0000a000 08:04 10756158                   /home/atom/.m2/repository/org/apache/maven/doxia/doxia-site-renderer/1.0/doxia-site-renderer-1.0.jar
7f90cb8b2000-7f90cb8b3000 r--s 00002000 08:04 10756157                   /home/atom/.m2/repository/org/apache/maven/doxia/doxia-sink-api/1.0/doxia-sink-api-1.0.jar
7f90cb8b3000-7f90cb8b7000 r--s 00035000 08:04 10883789                   /home/atom/.m2/repository/org/codehaus/plexus/plexus-utils/3.0.10/plexus-utils-3.0.10.jar
7f90cb8b7000-7f90cb8bf000 r--s 00049000 08:04 10620722                   /home/atom/.m2/repository/backport-util-concurrent/backport-util-concurrent/3.1/backport-util-concurrent-3.1.jar
7f90cb8bf000-7f90cb8c2000 r--s 0000c000 08:04 10755718                   /home/atom/.m2/repository/org/apache/maven/shared/maven-dependency-tree/2.1/maven-dependency-tree-2.1.jar
7f90cb8c2000-7f90cb8c9000 r--s 00056000 08:04 11152401                   /home/atom/.m2/repository/org/apache/commons/commons-compress/1.9/commons-compress-1.9.jar
7f90cb8c9000-7f90cb8cd000 r--s 0000f000 08:04 11152399                   /home/atom/.m2/repository/org/codehaus/plexus/plexus-io/2.3.2/plexus-io-2.3.2.jar
7f90cb8cd000-7f90cb8d1000 r--s 0001f000 08:04 11152397                   /home/atom/.m2/repository/org/codehaus/plexus/plexus-archiver/2.8.1/plexus-archiver-2.8.1.jar
7f90cb8d1000-7f90cb8d5000 r--s 00026000 08:04 11152396                   /home/atom/.m2/repository/org/apache/maven/shared/maven-shared-utils/0.7/maven-shared-utils-0.7.jar
7f90cb8d5000-7f90cb8d6000 r--s 00005000 08:04 11152394                   /home/atom/.m2/repository/org/apache/maven/maven-archiver/2.6/maven-archiver-2.6.jar
7f90cb8d6000-7f90cb8dd000 r--s 00064000 08:04 11152391                   /home/atom/.m2/repository/org/apache/commons/commons-lang3/3.4/commons-lang3-3.4.jar
7f90cb8dd000-7f90cb8e0000 r--s 0000d000 08:04 11152388                   /home/atom/.m2/repository/org/codehaus/plexus/plexus-interpolation/1.21/plexus-interpolation-1.21.jar
7f90cb8e0000-7f90cb8e2000 r--s 00000000 08:04 10363046                   /home/atom/.m2/repository/aopalliance/aopalliance/1.0/aopalliance-1.0.jar
7f90cb8e2000-7f90cb8eb000 r--s 0005f000 08:04 11152385                   /home/atom/.m2/repository/com/google/inject/guice/4.0/guice-4.0-no_aop.jar
7f90cb8eb000-7f90cb8f3000 r--s 00055000 08:04 11152384                   /home/atom/.m2/repository/org/eclipse/sisu/org.eclipse.sisu.inject/0.3.2/org.eclipse.sisu.inject-0.3.2.jar
7f90cb8f3000-7f90cb8f6000 r--s 00008000 08:04 11013938                   /home/atom/.m2/repository/javax/enterprise/cdi-api/1.0/cdi-api-1.0.jar
7f90cb8f6000-7f90cb8fa000 r--s 00020000 08:04 11152379                   /home/atom/.m2/repository/org/eclipse/aether/aether-util/1.0.2.v20150114/aether-util-1.0.2.v20150114.jar
7f90cb8fa000-7f90cb925000 r--s 001fc000 08:04 10229805                   /home/atom/.m2/repository/com/google/guava/guava/18.0/guava-18.0.jar
7f90cb925000-7f90cb926000 r--s 00003000 08:04 11152365                   /home/atom/.m2/repository/org/apache/maven/maven-builder-support/3.3.9/maven-builder-support-3.3.9.jar
7f90cb926000-7f90cb934000 r--s 00088000 08:04 11152353                   /home/atom/.m2/repository/org/osgi/org.osgi.compendium/4.2.0/org.osgi.compendium-4.2.0.jar
7f90cb934000-7f90cb936000 r--s 0000f000 08:04 11152355                   /home/atom/.m2/repository/org/apache/felix/org.apache.felix.utils/1.6.0/org.apache.felix.utils-1.6.0.jar
7f90cb936000-7f90cb938000 r--s 00012000 08:04 11019007                   /home/atom/.m2/repository/org/easymock/easymock/2.4/easymock-2.4.jar
7f90cb938000-7f90cb93c000 r--s 00026000 08:04 11152351                   /home/atom/.m2/repository/org/apache/felix/org.apache.felix.bundlerepository/1.6.6/org.apache.felix.bundlerepository-1.6.6.jar
7f90cb93c000-7f90cb96e000 r--s 002ce000 08:04 7612948                    /home/atom/.m2/repository/biz/aQute/bnd/biz.aQute.bndlib/4.2.0/biz.aQute.bndlib-4.2.0.jar
7f90cb96e000-7f90cb978000 r--s 0006b000 08:04 11152349                   /home/atom/.m2/repository/org/osgi/org.osgi.core/6.0.0/org.osgi.core-6.0.0.jar
7f90cb978000-7f90cbb78000 rw-p 00000000 00:00 0 
7f90cbb78000-7f90cbb7b000 r--s 00036000 08:04 11152172                   /home/atom/.m2/repository/org/apache/felix/maven-bundle-plugin/4.2.1/maven-bundle-plugin-4.2.1.jar
7f90cbb7b000-7f90cbb7c000 r--s 00002000 08:04 11016671                   /home/atom/.m2/repository/org/codehaus/plexus/plexus-interactivity-api/1.0-alpha-6/plexus-interactivity-api-1.0-alpha-6.jar
7f90cbb7c000-7f90cbb7e000 r--s 00005000 08:04 11018832                   /home/atom/.m2/repository/org/apache/maven/wagon/wagon-ssh-common/2.0/wagon-ssh-common-2.0.jar
7f90cbb7e000-7f90cbb82000 r--s 00031000 08:04 11018830                   /home/atom/.m2/repository/com/jcraft/jsch/0.1.44-1/jsch-0.1.44-1.jar
7f90cbb82000-7f90cbb84000 r--s 00006000 08:04 11018828                   /home/atom/.m2/repository/org/apache/maven/wagon/wagon-ssh/2.0/wagon-ssh-2.0.jar
7f90cbb84000-7f90cbb86000 r--s 00026000 08:04 11026118                   /home/atom/.m2/repository/org/codehaus/plexus/plexus-utils/1.0.4/plexus-utils-1.0.4.jar
7f90cbb86000-7f90cbb88000 r--s 00008000 08:04 10229478                   /home/atom/.m2/repository/commons-logging/commons-logging/1.0.4/commons-logging-1.0.4.jar
7f90cbb88000-7f90cbb89000 r--s 00005000 08:04 7612795                    /home/atom/.m2/repository/de/zeigermann/xml/xml-im-exporter/1.1/xml-im-exporter-1.1.jar
7f90cbb89000-7f90cbb8c000 r--s 00023000 08:04 7342623                    /home/atom/.m2/repository/jdom/jdom/1.0/jdom-1.0.jar
7f90cbb8c000-7f90cbb91000 r--s 00033000 08:04 11026076                   /home/atom/.m2/repository/commons-httpclient/commons-httpclient/2.0.2/commons-httpclient-2.0.2.jar
7f90cbb91000-7f90cbb95000 r--s 00027000 08:04 7214145                    /home/atom/.m2/repository/slide/slide-webdavlib/2.1/slide-webdavlib-2.1.jar
7f90cbb95000-7f90cbb97000 r--s 00003000 08:04 11026000                   /home/atom/.m2/repository/org/apache/maven/wagon/wagon-webdav/1.0-beta-2/wagon-webdav-1.0-beta-2.jar
7f90cbb97000-7f90cbd97000 rw-p 00000000 00:00 0 
7f90cbd97000-7f90cbd9d000 r--s 00033000 08:04 10229776                   /home/atom/.m2/repository/commons-codec/commons-codec/1.6/commons-codec-1.6.jar
7f90cbd9d000-7f90cbda1000 r--s 0003c000 08:04 11018799                   /home/atom/.m2/repository/org/codehaus/plexus/plexus-utils/3.1.0/plexus-utils-3.1.0.jar
7f90cbda1000-7f90cbda2000 r--s 00005000 08:04 11018798                   /home/atom/.m2/repository/org/apache/maven/maven-archiver/3.2.0/maven-archiver-3.2.0.jar
7f90cbda2000-7f90cbda6000 r--s 0000f000 08:04 10756429                   /home/atom/.m2/repository/org/codehaus/plexus/plexus-io/3.0.0/plexus-io-3.0.0.jar
7f90cbda6000-7f90cbda8000 r--s 00001000 08:04 10632804                   /home/atom/.m2/repository/org/sonatype/plexus/plexus-build-api/0.0.7/plexus-build-api-0.0.7.jar
7f90cbda8000-7f90cbdaa000 r--s 0000b000 08:04 10632713                   /home/atom/.m2/repository/org/apache/maven/shared/maven-filtering/3.1.1/maven-filtering-3.1.1.jar
7f90cbdaa000-7f90cbdae000 r--s 0002f000 08:04 10363159                   /home/atom/.m2/repository/commons-io/commons-io/2.5/commons-io-2.5.jar
7f90cbdae000-7f90cbdb1000 r--s 00008000 08:04 11018793                   /home/atom/.m2/repository/org/apache/maven/shared/maven-shared-io/3.0.0/maven-shared-io-3.0.0.jar
7f90cbdb1000-7f90cbdb3000 r--s 00007000 08:04 11018791                   /home/atom/.m2/repository/org/apache/maven/shared/file-management/3.0.0/file-management-3.0.0.jar
7f90cbdb3000-7f90cbdb7000 r--s 00016000 08:04 11018789                   /home/atom/.m2/repository/org/tukaani/xz/1.6/xz-1.6.jar
7f90cbdb7000-7f90cbdb9000 r--s 0000d000 08:04 10884074                   /home/atom/.m2/repository/org/iq80/snappy/snappy/0.4/snappy-0.4.jar
7f90cbdb9000-7f90cbdc3000 r--s 00078000 08:04 10229774                   /home/atom/.m2/repository/org/apache/commons/commons-compress/1.14/commons-compress-1.14.jar
7f90cbdc3000-7f90cbdc8000 r--s 00029000 08:04 10622471                   /home/atom/.m2/repository/org/codehaus/plexus/plexus-archiver/3.5/plexus-archiver-3.5.jar
7f90cbdc8000-7f90cbdcb000 r--s 00011000 08:04 10632841                   /home/atom/.m2/repository/org/codehaus/plexus/plexus-interpolation/1.24/plexus-interpolation-1.24.jar
7f90cbdcb000-7f90cbdd0000 r--s 0001a000 08:04 10756418                   /home/atom/.m2/repository/org/apache/maven/shared/maven-artifact-transfer/0.9.0/maven-artifact-transfer-0.9.0.jar
7f90cbdd0000-7f90cbdd3000 r--s 00025000 08:04 10755861                   /home/atom/.m2/repository/org/apache/maven/shared/maven-shared-utils/3.1.0/maven-shared-utils-3.1.0.jar
7f90cbdd3000-7f90cbdd6000 r--s 0000d000 08:04 10755859                   /home/atom/.m2/repository/org/apache/maven/shared/maven-common-artifact-filters/3.0.1/maven-common-artifact-filters-3.0.1.jar
7f90cbdd6000-7f90cbdd8000 r--s 00000000 08:04 10632612                   /home/atom/.m2/repository/org/codehaus/plexus/plexus-component-annotations/1.6/plexus-component-annotations-1.6.jar
7f90cbdd8000-7f90cbddc000 r--s 00017000 08:04 10508243                   /home/atom/.m2/repository/org/sonatype/aether/aether-util/1.7/aether-util-1.7.jar
7f90cbddc000-7f90cbde7000 r--s 00069000 08:04 10508223                   /home/atom/.m2/repository/org/sonatype/sisu/sisu-guice/2.1.7/sisu-guice-2.1.7-noaop.jar
7f90cbde7000-7f90cbdec000 r--s 00021000 08:04 10508221                   /home/atom/.m2/repository/org/sonatype/sisu/sisu-inject-bean/1.4.2/sisu-inject-bean-1.4.2.jar
7f90cbdec000-7f90cbdf0000 r--s 00037000 08:04 10890739                   /home/atom/.m2/repository/org/apache/maven/plugins/maven-assembly-plugin/3.1.0/maven-assembly-plugin-3.1.0.jar
7f90cbdf0000-7f90cbdf4000 r--s 0002f000 08:04 10363187                   /home/atom/.m2/repository/commons-lang/commons-lang/2.1/commons-lang-2.1.jar
7f90cbdf4000-7f90cbdf6000 r--s 0000d000 08:04 10620583                   /home/atom/.m2/repository/org/codehaus/plexus/plexus-interpolation/1.15/plexus-interpolation-1.15.jar
7f90cbdf6000-7f90cbdf8000 r--s 00007000 08:04 10229464                   /home/atom/.m2/repository/org/apache/maven/plugins/maven-jar-plugin/2.4/maven-jar-plugin-2.4.jar
7f90cbdf8000-7f90cbdfb000 ---p 00000000 00:00 0 
7f90cbdfb000-7f90cbef9000 rw-p 00000000 00:00 0 
7f90cbef9000-7f90cbefb000 r--s 00002000 08:04 10620520                   /home/atom/.m2/repository/org/apache/maven/plugin-tools/maven-plugin-annotations/3.1/maven-plugin-annotations-3.1.jar
7f90cbefb000-7f90cbeff000 r--s 00035000 08:04 10620488                   /home/atom/.m2/repository/org/codehaus/plexus/plexus-utils/3.0.8/plexus-utils-3.0.8.jar
7f90cbeff000-7f90cbf02000 ---p 00000000 00:00 0 
7f90cbf02000-7f90cc000000 rw-p 00000000 00:00 0 
7f90cc000000-7f90cc021000 rw-p 00000000 00:00 0 
7f90cc021000-7f90d0000000 ---p 00000000 00:00 0 
7f90d0000000-7f90d0002000 r--s 00006000 08:04 10620486                   /home/atom/.m2/repository/org/apache/maven/shared/maven-common-artifact-filters/1.3/maven-common-artifact-filters-1.3.jar
7f90d0002000-7f90d0008000 r--s 00048000 08:04 10620484                   /home/atom/.m2/repository/org/apache/commons/commons-lang3/3.1/commons-lang3-3.1.jar
7f90d0008000-7f90d000d000 r--s 0003c000 08:04 10620482                   /home/atom/.m2/repository/org/apache/maven/surefire/maven-surefire-common/2.12.4/maven-surefire-common-2.12.4.jar
7f90d000d000-7f90d0010000 ---p 00000000 00:00 0 
7f90d0010000-7f90d030e000 rw-p 00000000 00:00 0 
7f90d030e000-7f90d031c000 r--s 0008f000 08:04 10883563                   /home/atom/.m2/repository/com/google/collections/google-collections/1.0/google-collections-1.0.jar
7f90d031c000-7f90d031f000 ---p 00000000 00:00 0 
7f90d031f000-7f90d041d000 rw-p 00000000 00:00 0 
7f90d041d000-7f90d0420000 ---p 00000000 00:00 0 
7f90d0420000-7f90d051e000 rw-p 00000000 00:00 0 
7f90d051e000-7f90d0521000 ---p 00000000 00:00 0 
7f90d0521000-7f90d0557000 rw-p 00000000 00:00 0 
7f90d0557000-7f90d055a000 ---p 00000000 00:00 0 
7f90d055a000-7f90d0658000 rw-p 00000000 00:00 0 
7f90d0658000-7f90d065b000 ---p 00000000 00:00 0 
7f90d065b000-7f90d0759000 rw-p 00000000 00:00 0 
7f90d0759000-7f90d075c000 ---p 00000000 00:00 0 
7f90d075c000-7f90d0a5a000 rw-p 00000000 00:00 0 
7f90d0a5a000-7f90d0a8f000 r--s 002da000 08:04 11014037                   /home/atom/.m2/repository/org/scala-lang/scala-reflect/2.10.5/scala-reflect-2.10.5.jar
7f90d0a8f000-7f90d0b8d000 r--s 00cd0000 08:04 11014030                   /home/atom/.m2/repository/org/scala-lang/scala-compiler/2.10.5/scala-compiler-2.10.5.jar
7f90d0b8d000-7f90d0bff000 r--s 0065b000 08:04 10890498                   /home/atom/.m2/repository/org/scala-lang/scala-library/2.10.5/scala-library-2.10.5.jar
7f90d0bff000-7f90d0dff000 rw-p 00000000 00:00 0 
7f90d0dff000-7f90d0fff000 rw-p 00000000 00:00 0 
7f90d0fff000-7f90d4000000 rw-p 00000000 00:00 0 
7f90d4000000-7f90d4021000 rw-p 00000000 00:00 0 
7f90d4021000-7f90d8000000 ---p 00000000 00:00 0 
7f90d8000000-7f90d8001000 r--s 00002000 08:04 10620508                   /home/atom/.m2/repository/org/apache/maven/reporting/maven-reporting-api/2.0.9/maven-reporting-api-2.0.9.jar
7f90d8001000-7f90d8005000 r--s 00019000 08:04 10620480                   /home/atom/.m2/repository/org/apache/maven/surefire/surefire-api/2.12.4/surefire-api-2.12.4.jar
7f90d8005000-7f90d8007000 r--s 00007000 08:04 10363165                   /home/atom/.m2/repository/org/apache/maven/surefire/surefire-booter/2.12.4/surefire-booter-2.12.4.jar
7f90d8007000-7f90d8008000 r--s 00007000 08:04 10228046                   /home/atom/.m2/repository/org/apache/maven/plugins/maven-surefire-plugin/2.12.4/maven-surefire-plugin-2.12.4.jar
7f90d8008000-7f90d800b000 r--s 0001b000 08:04 10883565                   /home/atom/.m2/repository/junit/junit/3.8.2/junit-3.8.2.jar
7f90d800b000-7f90d800c000 r--s 0000a000 08:04 10883561                   /home/atom/.m2/repository/commons-logging/commons-logging-api/1.1/commons-logging-api-1.1.jar
7f90d800c000-7f90d8013000 r--s 00051000 08:04 10228311                   /home/atom/.m2/repository/log4j/log4j/1.2.12/log4j-1.2.12.jar
7f90d8013000-7f90d8017000 r--s 0001d000 08:04 10883559                   /home/atom/.m2/repository/org/apache/xbean/xbean-reflect/3.4/xbean-reflect-3.4.jar
7f90d8017000-7f90d8018000 r--s 00004000 08:04 10883553                   /home/atom/.m2/repository/org/codehaus/plexus/plexus-compiler-javac/2.2/plexus-compiler-javac-2.2.jar
7f90d8018000-7f90d801a000 r--s 00000000 08:04 10883551                   /home/atom/.m2/repository/org/codehaus/plexus/plexus-compiler-manager/2.2/plexus-compiler-manager-2.2.jar
7f90d801a000-7f90d801c000 r--s 00005000 08:04 10620779                   /home/atom/.m2/repository/org/codehaus/plexus/plexus-compiler-api/2.2/plexus-compiler-api-2.2.jar
7f90d801c000-7f90d801e000 r--s 00002000 08:04 10620337                   /home/atom/.m2/repository/org/apache/maven/shared/maven-shared-incremental/1.1/maven-shared-incremental-1.1.jar
7f90d801e000-7f90d8020000 r--s 00006000 08:04 10620777                   /home/atom/.m2/repository/com/google/code/findbugs/jsr305/2.0.1/jsr305-2.0.1.jar
7f90d8020000-7f90d8023000 r--s 00023000 08:04 10620775                   /home/atom/.m2/repository/org/apache/maven/shared/maven-shared-utils/0.1/maven-shared-utils-0.1.jar
7f90d8023000-7f90d8027000 r--s 00030000 08:04 10756245                   /home/atom/.m2/repository/org/codehaus/plexus/plexus-utils/1.5.1/plexus-utils-1.5.1.jar
7f90d8027000-7f90d8029000 r--s 00009000 08:04 10228282                   /home/atom/.m2/repository/org/apache/maven/plugins/maven-compiler-plugin/3.1/maven-compiler-plugin-3.1.jar
7f90d8029000-7f90d802a000 r--s 00007000 08:04 11014041                   /home/atom/.m2/repository/com/typesafe/sbt/compiler-interface/0.13.9/compiler-interface-0.13.9-sources.jar
7f90d802a000-7f90d802c000 r--s 0000b000 08:04 11014039                   /home/atom/.m2/repository/com/typesafe/sbt/sbt-interface/0.13.9/sbt-interface-0.13.9.jar
7f90d802c000-7f90d8058000 r--s 00225000 08:04 11014026                   /home/atom/.m2/repository/com/typesafe/sbt/incremental-compiler/0.13.9/incremental-compiler-0.13.9.jar
7f90d8058000-7f90d805e000 r--s 0005a000 08:04 11013963                   /home/atom/.m2/repository/com/typesafe/zinc/zinc/0.3.9/zinc-0.3.9.jar
7f90d805e000-7f90d8060000 r--s 00006000 08:04 10883438                   /home/atom/.m2/repository/org/apache/maven/shared/maven-invoker/2.0.11/maven-invoker-2.0.11.jar
7f90d8060000-7f90d8061000 r--s 00002000 08:04 11014013                   /home/atom/.m2/repository/org/apache/maven/doxia/doxia-logging-api/1.1.2/doxia-logging-api-1.1.2.jar
7f90d8061000-7f90d8063000 r--s 00002000 08:04 11014023                   /home/atom/.m2/repository/org/apache/maven/doxia/doxia-sink-api/1.1.2/doxia-sink-api-1.1.2.jar
7f90d8063000-7f90d8065000 r--s 00004000 08:04 10620581                   /home/atom/.m2/repository/org/apache/maven/maven-archiver/2.5/maven-archiver-2.5.jar
7f90d8065000-7f90d8068000 r--s 0000c000 08:04 10620716                   /home/atom/.m2/repository/org/codehaus/plexus/plexus-io/2.0.2/plexus-io-2.0.2.jar
7f90d8068000-7f90d806d000 r--s 00029000 08:04 10620714                   /home/atom/.m2/repository/org/codehaus/plexus/plexus-archiver/2.1/plexus-archiver-2.1.jar
7f90d806d000-7f90d806f000 r--s 0000b000 08:04 10363354                   /home/atom/.m2/repository/org/apache/commons/commons-exec/1.1/commons-exec-1.1.jar
7f90d806f000-7f90d8071000 r--s 00007000 08:04 11013985                   /home/atom/.m2/repository/org/apache/maven/shared/maven-dependency-tree/1.2/maven-dependency-tree-1.2.jar
7f90d8071000-7f90d8073000 r--s 00002000 08:04 10508253                   /home/atom/.m2/repository/org/sonatype/plexus/plexus-cipher/1.4/plexus-cipher-1.4.jar
7f90d8073000-7f90d8074000 r--s 00006000 08:04 10508251                   /home/atom/.m2/repository/org/sonatype/plexus/plexus-sec-dispatcher/1.3/plexus-sec-dispatcher-1.3.jar
7f90d8074000-7f90d8078000 r--s 0001c000 08:04 11013992                   /home/atom/.m2/repository/org/sonatype/aether/aether-util/1.13.1/aether-util-1.13.1.jar
7f90d8078000-7f90d807a000 r--s 00000000 08:04 10509217                   /home/atom/.m2/repository/org/codehaus/plexus/plexus-component-annotations/1.5.5/plexus-component-annotations-1.5.5.jar
7f90d807a000-7f90d8099000 r--s 00152000 08:04 11013898                   /home/atom/.m2/repository/org/sonatype/sisu/sisu-guava/0.9.9/sisu-guava-0.9.9.jar
7f90d8099000-7f90d80a1000 r--s 00050000 08:04 10893124                   /home/atom/.m2/repository/org/sonatype/sisu/sisu-guice/3.1.0/sisu-guice-3.1.0-no_aop.jar
7f90d80a1000-7f90d80a4000 ---p 00000000 00:00 0 
7f90d80a4000-7f90d83a2000 rw-p 00000000 00:00 0 
7f90d83a2000-7f90d85a2000 rw-p 00000000 00:00 0 
7f90d85a2000-7f90d85a4000 r-xp 00000000 08:04 6160812                    /lib/x86_64-linux-gnu/libutil-2.27.so
7f90d85a4000-7f90d87a3000 ---p 00002000 08:04 6160812                    /lib/x86_64-linux-gnu/libutil-2.27.so
7f90d87a3000-7f90d87a4000 r--p 00001000 08:04 6160812                    /lib/x86_64-linux-gnu/libutil-2.27.so
7f90d87a4000-7f90d87a5000 rw-p 00002000 08:04 6160812                    /lib/x86_64-linux-gnu/libutil-2.27.so
7f90d87a5000-7f90d87a6000 r--s 00002000 08:04 10756141                   /home/atom/.m2/repository/org/apache/maven/reporting/maven-reporting-api/3.0/maven-reporting-api-3.0.jar
7f90d87a6000-7f90d87ad000 r--s 00040000 08:04 10893121                   /home/atom/.m2/repository/org/sonatype/sisu/sisu-inject-bean/2.3.0/sisu-inject-bean-2.3.0.jar
7f90d87ad000-7f90d87af000 r--s 0000d000 08:04 10508245                   /home/atom/.m2/repository/org/codehaus/plexus/plexus-interpolation/1.14/plexus-interpolation-1.14.jar
7f90d87af000-7f90d87b1000 r--s 0001c000 08:04 10890220                   /home/atom/.m2/repository/net/alchim31/maven/scala-maven-plugin/3.3.1/scala-maven-plugin-3.3.1.jar
7f90d87b1000-7f90d87b3000 r--s 0000d000 08:04 10508048                   /home/atom/.m2/repository/org/codehaus/plexus/plexus-interpolation/1.13/plexus-interpolation-1.13.jar
7f90d87b3000-7f90d87b4000 r--s 00001000 08:04 10508046                   /home/atom/.m2/repository/org/sonatype/plexus/plexus-build-api/0.0.4/plexus-build-api-0.0.4.jar
7f90d87b4000-7f90d87b6000 r--s 00009000 08:04 10508044                   /home/atom/.m2/repository/org/apache/maven/shared/maven-filtering/1.1/maven-filtering-1.1.jar
7f90d87b6000-7f90d87ba000 r--s 00033000 08:04 10508042                   /home/atom/.m2/repository/org/codehaus/plexus/plexus-utils/2.0.5/plexus-utils-2.0.5.jar
7f90d87ba000-7f90d87bd000 r--s 0001b000 08:04 10508040                   /home/atom/.m2/repository/junit/junit/3.8.1/junit-3.8.1.jar
7f90d87bd000-7f90d87bf000 r--s 00002000 08:04 10508030                   /home/atom/.m2/repository/org/codehaus/plexus/plexus-interactivity-api/1.0-alpha-4/plexus-interactivity-api-1.0-alpha-4.jar
7f90d87bf000-7f90d87c1000 r--s 00006000 08:04 10229241                   /home/atom/.m2/repository/commons-cli/commons-cli/1.0/commons-cli-1.0.jar
7f90d87c1000-7f90d87c2000 r--s 00001000 08:04 10508022                   /home/atom/.m2/repository/org/apache/maven/doxia/doxia-sink-api/1.0-alpha-7/doxia-sink-api-1.0-alpha-7.jar
7f90d87c2000-7f90d87c3000 r--s 00002000 08:04 10508020                   /home/atom/.m2/repository/org/apache/maven/reporting/maven-reporting-api/2.0.6/maven-reporting-api-2.0.6.jar
7f90d87c3000-7f90d87c5000 r--s 00006000 08:04 10228003                   /home/atom/.m2/repository/org/apache/maven/plugins/maven-resources-plugin/2.6/maven-resources-plugin-2.6.jar
7f90d87c5000-7f90d87c9000 r--s 00034000 08:04 10363116                   /home/atom/.m2/repository/org/codehaus/plexus/plexus-utils/3.0/plexus-utils-3.0.jar
7f90d87c9000-7f90d87cc000 r-xp 00000000 08:04 11277667                   /tmp/libjansi-1.17.1-3003145321846750372.so
7f90d87cc000-7f90d89cb000 ---p 00003000 08:04 11277667                   /tmp/libjansi-1.17.1-3003145321846750372.so
7f90d89cb000-7f90d89cc000 rw-p 00002000 08:04 11277667                   /tmp/libjansi-1.17.1-3003145321846750372.so
7f90d89cc000-7f90d89dd000 r-xp 00000000 08:04 10883881                   /home/atom/software/util/jdk1.8.0_241/jre/lib/amd64/libnio.so
7f90d89dd000-7f90d8bdc000 ---p 00011000 08:04 10883881                   /home/atom/software/util/jdk1.8.0_241/jre/lib/amd64/libnio.so
7f90d8bdc000-7f90d8bdd000 r--p 00010000 08:04 10883881                   /home/atom/software/util/jdk1.8.0_241/jre/lib/amd64/libnio.so
7f90d8bdd000-7f90d8bde000 rw-p 00011000 08:04 10883881                   /home/atom/software/util/jdk1.8.0_241/jre/lib/amd64/libnio.so
7f90d8bde000-7f90d8c0c000 r--s 001eb000 07:12 2827                       /snap/intellij-idea-community/221/plugins/maven/lib/maven3/lib/wagon-http-3.3.2-shaded.jar
7f90d8c0c000-7f90d8c0d000 ---p 00000000 00:00 0 
7f90d8c0d000-7f90d8d0d000 rw-p 00000000 00:00 0 
7f90d8d0d000-7f90d8d10000 ---p 00000000 00:00 0 
7f90d8d10000-7f90d8e0e000 rw-p 00000000 00:00 0 
7f90d8e0e000-7f90d8e0f000 ---p 00000000 00:00 0 
7f90d8e0f000-7f90d8e12000 ---p 00000000 00:00 0 
7f90d8e12000-7f90d8f0f000 rw-p 00000000 00:00 0 
7f90d8f0f000-7f90d8f25000 r-xp 00000000 08:04 10886873                   /home/atom/software/util/jdk1.8.0_241/jre/lib/amd64/libnet.so
7f90d8f25000-7f90d9124000 ---p 00016000 08:04 10886873                   /home/atom/software/util/jdk1.8.0_241/jre/lib/amd64/libnet.so
7f90d9124000-7f90d9125000 r--p 00015000 08:04 10886873                   /home/atom/software/util/jdk1.8.0_241/jre/lib/amd64/libnet.so
7f90d9125000-7f90d9126000 rw-p 00016000 08:04 10886873                   /home/atom/software/util/jdk1.8.0_241/jre/lib/amd64/libnet.so
7f90d9126000-7f90d9127000 ---p 00000000 00:00 0 
7f90d9127000-7f90d912a000 ---p 00000000 00:00 0 
7f90d912a000-7f90d9227000 rw-p 00000000 00:00 0 
7f90d9227000-7f90d9228000 ---p 00000000 00:00 0 
7f90d9228000-7f90d922b000 ---p 00000000 00:00 0 
7f90d922b000-7f90d9328000 rw-p 00000000 00:00 0 
7f90d9328000-7f90d9329000 ---p 00000000 00:00 0 
7f90d9329000-7f90d932c000 ---p 00000000 00:00 0 
7f90d932c000-7f90d9429000 rw-p 00000000 00:00 0 
7f90d9429000-7f90d942c000 ---p 00000000 00:00 0 
7f90d942c000-7f90d952a000 rw-p 00000000 00:00 0 
7f90d952a000-7f90d952d000 ---p 00000000 00:00 0 
7f90d952d000-7f90d962b000 rw-p 00000000 00:00 0 
7f90d962b000-7f90d9909000 r--p 00000000 08:04 3415193                    /usr/lib/locale/locale-archive
7f90d9909000-7f90d990c000 ---p 00000000 00:00 0 
7f90d990c000-7f90d9a0a000 rw-p 00000000 00:00 0 
7f90d9a0a000-7f90d9a0d000 ---p 00000000 00:00 0 
7f90d9a0d000-7f90d9b0b000 rw-p 00000000 00:00 0 
7f90d9b0b000-7f90d9b0c000 ---p 00000000 00:00 0 
7f90d9b0c000-7f90db626000 rw-p 00000000 00:00 0 
7f90db626000-7f90db800000 r--s 03d8c000 08:04 8265936                    /home/atom/software/util/jdk1.8.0_241/jre/lib/rt.jar
7f90db800000-7f90dc000000 rw-p 00000000 00:00 0 
7f90dc000000-7f90dc021000 rw-p 00000000 00:00 0 
7f90dc021000-7f90e0000000 ---p 00000000 00:00 0 
7f90e0000000-7f90e0002000 r--s 00005000 08:04 10227982                   /home/atom/.m2/repository/org/apache/maven/plugins/maven-clean-plugin/2.5/maven-clean-plugin-2.5.jar
7f90e0002000-7f90e0003000 r--s 00001000 07:12 2727                       /snap/intellij-idea-community/221/plugins/maven/lib/maven-event-listener.jar
7f90e0003000-7f90e0007000 r--s 000a4000 08:04 8265930                    /home/atom/software/util/jdk1.8.0_241/jre/lib/jsse.jar
7f90e0007000-7f90e0009000 r--s 0000c000 07:12 2828                       /snap/intellij-idea-community/221/plugins/maven/lib/maven3/lib/wagon-provider-api-3.3.2.jar
7f90e0009000-7f90e000a000 r--s 00002000 07:12 2826                       /snap/intellij-idea-community/221/plugins/maven/lib/maven3/lib/wagon-file-3.3.2.jar
7f90e000a000-7f90e000c000 r--s 00009000 07:12 2824                       /snap/intellij-idea-community/221/plugins/maven/lib/maven3/lib/slf4j-api-1.7.25.jar
7f90e000c000-7f90e0010000 r--s 0003d000 07:12 2823                       /snap/intellij-idea-community/221/plugins/maven/lib/maven3/lib/plexus-utils-3.2.0.jar
7f90e0010000-7f90e0011000 r--s 00006000 07:12 2822                       /snap/intellij-idea-community/221/plugins/maven/lib/maven3/lib/plexus-sec-dispatcher-1.4.jar
7f90e0011000-7f90e0014000 r--s 00012000 07:12 2821                       /snap/intellij-idea-community/221/plugins/maven/lib/maven3/lib/plexus-interpolation-1.25.jar
7f90e0014000-7f90e0016000 r--s 00000000 07:12 2820                       /snap/intellij-idea-community/221/plugins/maven/lib/maven3/lib/plexus-component-annotations-1.7.1.jar
7f90e0016000-7f90e0018000 r--s 00002000 07:12 2819                       /snap/intellij-idea-community/221/plugins/maven/lib/maven3/lib/plexus-cipher-1.7.jar
7f90e0018000-7f90e001e000 r--s 0002d000 07:12 2817                       /snap/intellij-idea-community/221/plugins/maven/lib/maven3/lib/org.eclipse.sisu.plexus-0.3.3.jar
7f90e001e000-7f90e0025000 r--s 00056000 07:12 2815                       /snap/intellij-idea-community/221/plugins/maven/lib/maven3/lib/org.eclipse.sisu.inject-0.3.3.jar
7f90e0025000-7f90e0026000 r--s 00005000 07:12 2814                       /snap/intellij-idea-community/221/plugins/maven/lib/maven3/lib/maven-slf4j-provider-3.6.1.jar
7f90e0026000-7f90e0029000 r--s 00026000 07:12 2813                       /snap/intellij-idea-community/221/plugins/maven/lib/maven3/lib/maven-shared-utils-3.2.1.jar
7f90e0029000-7f90e002b000 r--s 00009000 07:12 2812                       /snap/intellij-idea-community/221/plugins/maven/lib/maven3/lib/maven-settings-builder-3.6.1.jar
7f90e002b000-7f90e002c000 r--s 0000a000 07:12 2811                       /snap/intellij-idea-community/221/plugins/maven/lib/maven3/lib/maven-settings-3.6.1.jar
7f90e002c000-7f90e0030000 r--s 00023000 07:12 2810                       /snap/intellij-idea-community/221/plugins/maven/lib/maven3/lib/maven-resolver-util-1.3.3.jar
7f90e0030000-7f90e0032000 r--s 00006000 07:12 2809                       /snap/intellij-idea-community/221/plugins/maven/lib/maven3/lib/maven-resolver-transport-wagon-1.3.3.jar
7f90e0032000-7f90e0034000 r--s 00007000 07:12 2808                       /snap/intellij-idea-community/221/plugins/maven/lib/maven3/lib/maven-resolver-spi-1.3.3.jar
7f90e0034000-7f90e0036000 r--s 0000f000 07:12 2807                       /snap/intellij-idea-community/221/plugins/maven/lib/maven3/lib/maven-resolver-provider-3.6.1.jar
7f90e0036000-7f90e003a000 r--s 00029000 07:12 2806                       /snap/intellij-idea-community/221/plugins/maven/lib/maven3/lib/maven-resolver-impl-1.3.3.jar
7f90e003a000-7f90e003c000 r--s 00009000 07:12 2805                       /snap/intellij-idea-community/221/plugins/maven/lib/maven3/lib/maven-resolver-connector-basic-1.3.3.jar
7f90e003c000-7f90e0041000 r--s 00020000 07:12 2804                       /snap/intellij-idea-community/221/plugins/maven/lib/maven3/lib/maven-resolver-api-1.3.3.jar
7f90e0041000-7f90e0043000 r--s 0000a000 07:12 2802                       /snap/intellij-idea-community/221/plugins/maven/lib/maven3/lib/maven-plugin-api-3.6.1.jar
7f90e0043000-7f90e0050000 r--s 0008e000 07:12 2798                       /snap/intellij-idea-community/221/plugins/maven/lib/maven3/lib/maven-core-3.6.1.jar
7f90e0050000-7f90e0080000 r--s 00249000 07:12 2769                       /snap/intellij-idea-community/221/plugins/maven/lib/maven3/lib/guava-25.1-android.jar
7f90e0080000-7f90e09fa000 rw-p 00000000 00:00 0 
7f90e09fa000-7f90e09fb000 ---p 00000000 00:00 0 
7f90e09fb000-7f90e0afb000 rw-p 00000000 00:00 0 
7f90e0afb000-7f90e0afc000 ---p 00000000 00:00 0 
7f90e0afc000-7f90e0bfc000 rw-p 00000000 00:00 0 
7f90e0bfc000-7f90e0bfd000 ---p 00000000 00:00 0 
7f90e0bfd000-7f90e0cfd000 rw-p 00000000 00:00 0 
7f90e0cfd000-7f90e0cfe000 ---p 00000000 00:00 0 
7f90e0cfe000-7f90e0dfe000 rw-p 00000000 00:00 0 
7f90e0dfe000-7f90e0dff000 ---p 00000000 00:00 0 
7f90e0dff000-7f90e0eff000 rw-p 00000000 00:00 0 
7f90e0eff000-7f90e0f00000 ---p 00000000 00:00 0 
7f90e0f00000-7f90e1000000 rw-p 00000000 00:00 0 
7f90e1000000-7f90e26a0000 rwxp 00000000 00:00 0 
7f90e26a0000-7f90f0000000 ---p 00000000 00:00 0 
7f90f0000000-7f90f1ec0000 rw-p 00000000 00:00 0 
7f90f1ec0000-7f90f4000000 ---p 00000000 00:00 0 
7f90f4000000-7f90f4001000 r--s 00006000 07:12 2803                       /snap/intellij-idea-community/221/plugins/maven/lib/maven3/lib/maven-repository-metadata-3.6.1.jar
7f90f4001000-7f90f4002000 ---p 00000000 00:00 0 
7f90f4002000-7f90f4102000 rw-p 00000000 00:00 0 
7f90f4102000-7f90f4103000 ---p 00000000 00:00 0 
7f90f4103000-7f90f42db000 rw-p 00000000 00:00 0 
7f90f42db000-7f90f4725000 ---p 00000000 00:00 0 
7f90f4725000-7f90f47fd000 rw-p 00000000 00:00 0 
7f90f47fd000-7f90f4c47000 ---p 00000000 00:00 0 
7f90f4c47000-7f90f4e07000 rw-p 00000000 00:00 0 
7f90f4e07000-7f90f4ed8000 ---p 00000000 00:00 0 
7f90f4ed8000-7f90f4f34000 rw-p 00000000 00:00 0 
7f90f4f34000-7f90f5299000 ---p 00000000 00:00 0 
7f90f5299000-7f90f52b4000 r-xp 00000000 08:04 10885460                   /home/atom/software/util/jdk1.8.0_241/jre/lib/amd64/libzip.so
7f90f52b4000-7f90f54b3000 ---p 0001b000 08:04 10885460                   /home/atom/software/util/jdk1.8.0_241/jre/lib/amd64/libzip.so
7f90f54b3000-7f90f54b4000 r--p 0001a000 08:04 10885460                   /home/atom/software/util/jdk1.8.0_241/jre/lib/amd64/libzip.so
7f90f54b4000-7f90f54b5000 rw-p 0001b000 08:04 10885460                   /home/atom/software/util/jdk1.8.0_241/jre/lib/amd64/libzip.so
7f90f54b5000-7f90f54c0000 r-xp 00000000 08:04 6160803                    /lib/x86_64-linux-gnu/libnss_files-2.27.so
7f90f54c0000-7f90f56bf000 ---p 0000b000 08:04 6160803                    /lib/x86_64-linux-gnu/libnss_files-2.27.so
7f90f56bf000-7f90f56c0000 r--p 0000a000 08:04 6160803                    /lib/x86_64-linux-gnu/libnss_files-2.27.so
7f90f56c0000-7f90f56c1000 rw-p 0000b000 08:04 6160803                    /lib/x86_64-linux-gnu/libnss_files-2.27.so
7f90f56c1000-7f90f56c7000 rw-p 00000000 00:00 0 
7f90f56c7000-7f90f56de000 r-xp 00000000 08:04 6160800                    /lib/x86_64-linux-gnu/libnsl-2.27.so
7f90f56de000-7f90f58dd000 ---p 00017000 08:04 6160800                    /lib/x86_64-linux-gnu/libnsl-2.27.so
7f90f58dd000-7f90f58de000 r--p 00016000 08:04 6160800                    /lib/x86_64-linux-gnu/libnsl-2.27.so
7f90f58de000-7f90f58df000 rw-p 00017000 08:04 6160800                    /lib/x86_64-linux-gnu/libnsl-2.27.so
7f90f58df000-7f90f58e1000 rw-p 00000000 00:00 0 
7f90f58e1000-7f90f58ec000 r-xp 00000000 08:04 6160805                    /lib/x86_64-linux-gnu/libnss_nis-2.27.so
7f90f58ec000-7f90f5aeb000 ---p 0000b000 08:04 6160805                    /lib/x86_64-linux-gnu/libnss_nis-2.27.so
7f90f5aeb000-7f90f5aec000 r--p 0000a000 08:04 6160805                    /lib/x86_64-linux-gnu/libnss_nis-2.27.so
7f90f5aec000-7f90f5aed000 rw-p 0000b000 08:04 6160805                    /lib/x86_64-linux-gnu/libnss_nis-2.27.so
7f90f5aed000-7f90f5af5000 r-xp 00000000 08:04 6160801                    /lib/x86_64-linux-gnu/libnss_compat-2.27.so
7f90f5af5000-7f90f5cf5000 ---p 00008000 08:04 6160801                    /lib/x86_64-linux-gnu/libnss_compat-2.27.so
7f90f5cf5000-7f90f5cf6000 r--p 00008000 08:04 6160801                    /lib/x86_64-linux-gnu/libnss_compat-2.27.so
7f90f5cf6000-7f90f5cf7000 rw-p 00009000 08:04 6160801                    /lib/x86_64-linux-gnu/libnss_compat-2.27.so
7f90f5cf7000-7f90f5d01000 r-xp 00000000 08:04 10884398                   /home/atom/software/util/jdk1.8.0_241/jre/lib/amd64/libinstrument.so
7f90f5d01000-7f90f5f00000 ---p 0000a000 08:04 10884398                   /home/atom/software/util/jdk1.8.0_241/jre/lib/amd64/libinstrument.so
7f90f5f00000-7f90f5f01000 r--p 00009000 08:04 10884398                   /home/atom/software/util/jdk1.8.0_241/jre/lib/amd64/libinstrument.so
7f90f5f01000-7f90f5f02000 rw-p 0000a000 08:04 10884398                   /home/atom/software/util/jdk1.8.0_241/jre/lib/amd64/libinstrument.so
7f90f5f02000-7f90f5f2e000 r-xp 00000000 08:04 10886152                   /home/atom/software/util/jdk1.8.0_241/jre/lib/amd64/libjava.so
7f90f5f2e000-7f90f612e000 ---p 0002c000 08:04 10886152                   /home/atom/software/util/jdk1.8.0_241/jre/lib/amd64/libjava.so
7f90f612e000-7f90f612f000 r--p 0002c000 08:04 10886152                   /home/atom/software/util/jdk1.8.0_241/jre/lib/amd64/libjava.so
7f90f612f000-7f90f6131000 rw-p 0002d000 08:04 10886152                   /home/atom/software/util/jdk1.8.0_241/jre/lib/amd64/libjava.so
7f90f6131000-7f90f613e000 r-xp 00000000 08:04 10886153                   /home/atom/software/util/jdk1.8.0_241/jre/lib/amd64/libverify.so
7f90f613e000-7f90f633d000 ---p 0000d000 08:04 10886153                   /home/atom/software/util/jdk1.8.0_241/jre/lib/amd64/libverify.so
7f90f633d000-7f90f633f000 r--p 0000c000 08:04 10886153                   /home/atom/software/util/jdk1.8.0_241/jre/lib/amd64/libverify.so
7f90f633f000-7f90f6340000 rw-p 0000e000 08:04 10886153                   /home/atom/software/util/jdk1.8.0_241/jre/lib/amd64/libverify.so
7f90f6340000-7f90f6347000 r-xp 00000000 08:04 6160810                    /lib/x86_64-linux-gnu/librt-2.27.so
7f90f6347000-7f90f6546000 ---p 00007000 08:04 6160810                    /lib/x86_64-linux-gnu/librt-2.27.so
7f90f6546000-7f90f6547000 r--p 00006000 08:04 6160810                    /lib/x86_64-linux-gnu/librt-2.27.so
7f90f6547000-7f90f6548000 rw-p 00007000 08:04 6160810                    /lib/x86_64-linux-gnu/librt-2.27.so
7f90f6548000-7f90f66e5000 r-xp 00000000 08:04 6160797                    /lib/x86_64-linux-gnu/libm-2.27.so
7f90f66e5000-7f90f68e4000 ---p 0019d000 08:04 6160797                    /lib/x86_64-linux-gnu/libm-2.27.so
7f90f68e4000-7f90f68e5000 r--p 0019c000 08:04 6160797                    /lib/x86_64-linux-gnu/libm-2.27.so
7f90f68e5000-7f90f68e6000 rw-p 0019d000 08:04 6160797                    /lib/x86_64-linux-gnu/libm-2.27.so
7f90f68e6000-7f90f75d5000 r-xp 00000000 08:04 10884192                   /home/atom/software/util/jdk1.8.0_241/jre/lib/amd64/server/libjvm.so
7f90f75d5000-7f90f77d4000 ---p 00cef000 08:04 10884192                   /home/atom/software/util/jdk1.8.0_241/jre/lib/amd64/server/libjvm.so
7f90f77d4000-7f90f786a000 r--p 00cee000 08:04 10884192                   /home/atom/software/util/jdk1.8.0_241/jre/lib/amd64/server/libjvm.so
7f90f786a000-7f90f789b000 rw-p 00d84000 08:04 10884192                   /home/atom/software/util/jdk1.8.0_241/jre/lib/amd64/server/libjvm.so
7f90f789b000-7f90f78d6000 rw-p 00000000 00:00 0 
7f90f78d6000-7f90f7abd000 r-xp 00000000 08:04 6160793                    /lib/x86_64-linux-gnu/libc-2.27.so
7f90f7abd000-7f90f7cbd000 ---p 001e7000 08:04 6160793                    /lib/x86_64-linux-gnu/libc-2.27.so
7f90f7cbd000-7f90f7cc1000 r--p 001e7000 08:04 6160793                    /lib/x86_64-linux-gnu/libc-2.27.so
7f90f7cc1000-7f90f7cc3000 rw-p 001eb000 08:04 6160793                    /lib/x86_64-linux-gnu/libc-2.27.so
7f90f7cc3000-7f90f7cc7000 rw-p 00000000 00:00 0 
7f90f7cc7000-7f90f7cca000 r-xp 00000000 08:04 6160796                    /lib/x86_64-linux-gnu/libdl-2.27.so
7f90f7cca000-7f90f7ec9000 ---p 00003000 08:04 6160796                    /lib/x86_64-linux-gnu/libdl-2.27.so
7f90f7ec9000-7f90f7eca000 r--p 00002000 08:04 6160796                    /lib/x86_64-linux-gnu/libdl-2.27.so
7f90f7eca000-7f90f7ecb000 rw-p 00003000 08:04 6160796                    /lib/x86_64-linux-gnu/libdl-2.27.so
7f90f7ecb000-7f90f7ee2000 r-xp 00000000 08:04 10888463                   /home/atom/software/util/jdk1.8.0_241/lib/amd64/jli/libjli.so
7f90f7ee2000-7f90f80e1000 ---p 00017000 08:04 10888463                   /home/atom/software/util/jdk1.8.0_241/lib/amd64/jli/libjli.so
7f90f80e1000-7f90f80e2000 r--p 00016000 08:04 10888463                   /home/atom/software/util/jdk1.8.0_241/lib/amd64/jli/libjli.so
7f90f80e2000-7f90f80e3000 rw-p 00017000 08:04 10888463                   /home/atom/software/util/jdk1.8.0_241/lib/amd64/jli/libjli.so
7f90f80e3000-7f90f80fd000 r-xp 00000000 08:04 6160808                    /lib/x86_64-linux-gnu/libpthread-2.27.so
7f90f80fd000-7f90f82fc000 ---p 0001a000 08:04 6160808                    /lib/x86_64-linux-gnu/libpthread-2.27.so
7f90f82fc000-7f90f82fd000 r--p 00019000 08:04 6160808                    /lib/x86_64-linux-gnu/libpthread-2.27.so
7f90f82fd000-7f90f82fe000 rw-p 0001a000 08:04 6160808                    /lib/x86_64-linux-gnu/libpthread-2.27.so
7f90f82fe000-7f90f8302000 rw-p 00000000 00:00 0 
7f90f8302000-7f90f8329000 r-xp 00000000 08:04 6160789                    /lib/x86_64-linux-gnu/ld-2.27.so
7f90f8329000-7f90f832e000 r--s 00027000 07:12 2801                       /snap/intellij-idea-community/221/plugins/maven/lib/maven3/lib/maven-model-builder-3.6.1.jar
7f90f832e000-7f90f8331000 r--s 0002b000 07:12 2800                       /snap/intellij-idea-community/221/plugins/maven/lib/maven3/lib/maven-model-3.6.1.jar
7f90f8331000-7f90f8334000 r--s 00016000 07:12 2799                       /snap/intellij-idea-community/221/plugins/maven/lib/maven3/lib/maven-embedder-3.6.1.jar
7f90f8334000-7f90f833a000 r--s 00041000 07:12 2797                       /snap/intellij-idea-community/221/plugins/maven/lib/maven3/lib/maven-compat-3.6.1.jar
7f90f833a000-7f90f833b000 r--s 00003000 07:12 2796                       /snap/intellij-idea-community/221/plugins/maven/lib/maven3/lib/maven-builder-support-3.6.1.jar
7f90f833b000-7f90f833e000 r--s 0000c000 07:12 2795                       /snap/intellij-idea-community/221/plugins/maven/lib/maven3/lib/maven-artifact-3.6.1.jar
7f90f833e000-7f90f8340000 r--s 00003000 07:12 2794                       /snap/intellij-idea-community/221/plugins/maven/lib/maven3/lib/jsr305-3.0.2.jar
7f90f8340000-7f90f8341000 r--s 00001000 07:12 2792                       /snap/intellij-idea-community/221/plugins/maven/lib/maven3/lib/jsr250-api-1.0.jar
7f90f8341000-7f90f8345000 r--s 00042000 07:12 2772                       /snap/intellij-idea-community/221/plugins/maven/lib/maven3/lib/jansi-1.17.1.jar
7f90f8345000-7f90f8350000 r--s 00075000 07:12 2770                       /snap/intellij-idea-community/221/plugins/maven/lib/maven3/lib/guice-4.2.1-no_aop.jar
7f90f8350000-7f90f8358000 r--s 00073000 07:12 2765                       /snap/intellij-idea-community/221/plugins/maven/lib/maven3/lib/commons-lang3-3.8.1.jar
7f90f8358000-7f90f8400000 rw-p 00000000 00:00 0 
7f90f8400000-7f90f8401000 ---p 00000000 00:00 0 
7f90f8401000-7f90f8404000 ---p 00000000 00:00 0 
7f90f8404000-7f90f8505000 rw-p 00000000 00:00 0 
7f90f8505000-7f90f8507000 r--s 00003000 07:12 2790                       /snap/intellij-idea-community/221/plugins/maven/lib/maven3/lib/jcl-over-slf4j-1.7.25.jar
7f90f8507000-7f90f8508000 r--s 00000000 07:12 2789                       /snap/intellij-idea-community/221/plugins/maven/lib/maven3/lib/javax.inject-1.jar
7f90f8508000-7f90f850a000 r--s 00001000 07:12 2771                       /snap/intellij-idea-community/221/plugins/maven/lib/maven3/lib/j2objc-annotations-1.1.jar
7f90f850a000-7f90f850c000 r--s 00002000 07:12 2766                       /snap/intellij-idea-community/221/plugins/maven/lib/maven3/lib/error_prone_annotations-2.1.3.jar
7f90f850c000-7f90f8510000 r--s 0002f000 07:12 2764                       /snap/intellij-idea-community/221/plugins/maven/lib/maven3/lib/commons-io-2.5.jar
7f90f8510000-7f90f8512000 r--s 0000c000 07:12 2763                       /snap/intellij-idea-community/221/plugins/maven/lib/maven3/lib/commons-cli-1.4.jar
7f90f8512000-7f90f8514000 r--s 00006000 07:12 2761                       /snap/intellij-idea-community/221/plugins/maven/lib/maven3/lib/checker-compat-qual-2.0.0.jar
7f90f8514000-7f90f8517000 r--s 00008000 07:12 2760                       /snap/intellij-idea-community/221/plugins/maven/lib/maven3/lib/cdi-api-1.0.jar
7f90f8517000-7f90f8519000 r--s 00000000 07:12 2759                       /snap/intellij-idea-community/221/plugins/maven/lib/maven3/lib/aopalliance-1.0.jar
7f90f8519000-7f90f851a000 r--s 00000000 07:12 2757                       /snap/intellij-idea-community/221/plugins/maven/lib/maven3/lib/animal-sniffer-annotations-1.14.jar
7f90f851a000-7f90f851d000 r--s 0001a000 07:12 614                        /snap/intellij-idea-community/221/lib/idea_rt.jar
7f90f851d000-7f90f851f000 r--s 0000b000 07:12 2750                       /snap/intellij-idea-community/221/plugins/maven/lib/maven3/boot/plexus-classworlds-2.6.0.jar
7f90f851f000-7f90f8527000 rw-s 00000000 08:04 11277579                   /tmp/hsperfdata_atom/27399
7f90f8527000-7f90f8528000 rw-p 00000000 00:00 0 
7f90f8528000-7f90f8529000 ---p 00000000 00:00 0 
7f90f8529000-7f90f852a000 r--p 00027000 08:04 6160789                    /lib/x86_64-linux-gnu/ld-2.27.so
7f90f852a000-7f90f852b000 rw-p 00028000 08:04 6160789                    /lib/x86_64-linux-gnu/ld-2.27.so
7f90f852b000-7f90f852c000 rw-p 00000000 00:00 0 
7ffc194d7000-7ffc194f8000 rw-p 00000000 00:00 0                          [stack]
7ffc19545000-7ffc19548000 r--p 00000000 00:00 0                          [vvar]
7ffc19548000-7ffc1954a000 r-xp 00000000 00:00 0                          [vdso]
ffffffffff600000-ffffffffff601000 r-xp 00000000 00:00 0                  [vsyscall]

VM Arguments:
jvm_args: -Dmaven.multiModuleProjectDirectory=/home/atom/work/miu/big_data_technology/project/finalproject -Dmaven.home=/snap/intellij-idea-community/221/plugins/maven/lib/maven3 -Dclassworlds.conf=/snap/intellij-idea-community/221/plugins/maven/lib/maven3/bin/m2.conf -Dmaven.ext.class.path=/snap/intellij-idea-community/221/plugins/maven/lib/maven-event-listener.jar -javaagent:/snap/intellij-idea-community/221/lib/idea_rt.jar=43703:/snap/intellij-idea-community/221/bin -Dfile.encoding=UTF-8 
java_command: org.codehaus.classworlds.Launcher -Didea.version2020.1 clean compile package
java_class_path (initial): /snap/intellij-idea-community/221/plugins/maven/lib/maven3/boot/plexus-classworlds-2.6.0.jar:/snap/intellij-idea-community/221/lib/idea_rt.jar
Launcher Type: SUN_STANDARD

Environment Variables:
PATH=/home/atom/bin:/home/atom/.local/bin:/usr/local/sbin:/usr/local/bin:/usr/sbin:/usr/bin:/sbin:/bin:/usr/games:/usr/local/games:/snap/bin
USERNAME=atom
SHELL=/bin/bash
DISPLAY=:0

Signal Handlers:
SIGSEGV: [libjvm.so+0xad9960], sa_mask[0]=11111111011111111101111111111110, sa_flags=SA_RESTART|SA_SIGINFO
SIGBUS: [libjvm.so+0xad9960], sa_mask[0]=11111111011111111101111111111110, sa_flags=SA_RESTART|SA_SIGINFO
SIGFPE: [libjvm.so+0x90d4a0], sa_mask[0]=11111111011111111101111111111110, sa_flags=SA_RESTART|SA_SIGINFO
SIGPIPE: [libjvm.so+0x90d4a0], sa_mask[0]=11111111011111111101111111111110, sa_flags=SA_RESTART|SA_SIGINFO
SIGXFSZ: [libjvm.so+0x90d4a0], sa_mask[0]=11111111011111111101111111111110, sa_flags=SA_RESTART|SA_SIGINFO
SIGILL: [libjvm.so+0x90d4a0], sa_mask[0]=11111111011111111101111111111110, sa_flags=SA_RESTART|SA_SIGINFO
SIGUSR1: SIG_DFL, sa_mask[0]=00000000000000000000000000000000, sa_flags=none
SIGUSR2: [libjvm.so+0x90d370], sa_mask[0]=00100000000000000000000000000000, sa_flags=SA_RESTART|SA_SIGINFO
SIGHUP: [libjvm.so+0x90d990], sa_mask[0]=11111111011111111101111111111110, sa_flags=SA_RESTART|SA_SIGINFO
SIGINT: [libjvm.so+0x90d990], sa_mask[0]=11111111011111111101111111111110, sa_flags=SA_RESTART|SA_SIGINFO
SIGTERM: [libjvm.so+0x90d990], sa_mask[0]=11111111011111111101111111111110, sa_flags=SA_RESTART|SA_SIGINFO
SIGQUIT: [libjvm.so+0x90d990], sa_mask[0]=11111111011111111101111111111110, sa_flags=SA_RESTART|SA_SIGINFO


---------------  S Y S T E M  ---------------

OS:DISTRIB_ID=Ubuntu
DISTRIB_RELEASE=18.04
DISTRIB_CODENAME=bionic
DISTRIB_DESCRIPTION="Ubuntu 18.04.4 LTS"

uname:Linux 4.15.0-91-generic #92-Ubuntu SMP Fri Feb 28 11:09:48 UTC 2020 x86_64
libc:glibc 2.27 NPTL 2.27 
rlimit: STACK 8192k, CORE 0k, NPROC 62607, NOFILE 1048576, AS infinity
load average:2.96 3.26 2.71

/proc/meminfo:
MemTotal:       16145548 kB
MemFree:          159780 kB
MemAvailable:      93692 kB
Buffers:            8752 kB
Cached:           747164 kB
SwapCached:          116 kB
Active:         12984776 kB
Inactive:        2317904 kB
Active(anon):   12952128 kB
Inactive(anon):  2239904 kB
Active(file):      32648 kB
Inactive(file):    78000 kB
Unevictable:          92 kB
Mlocked:              92 kB
SwapTotal:          3068 kB
SwapFree:              0 kB
Dirty:               320 kB
Writeback:             0 kB
AnonPages:      14546820 kB
Mapped:           644056 kB
Shmem:            645192 kB
Slab:             293420 kB
SReclaimable:     105984 kB
SUnreclaim:       187436 kB
KernelStack:       54320 kB
PageTables:       123136 kB
NFS_Unstable:          0 kB
Bounce:                0 kB
WritebackTmp:          0 kB
CommitLimit:     8075840 kB
Committed_AS:   29831468 kB
VmallocTotal:   34359738367 kB
VmallocUsed:           0 kB
VmallocChunk:          0 kB
HardwareCorrupted:     0 kB
AnonHugePages:         0 kB
ShmemHugePages:        0 kB
ShmemPmdMapped:        0 kB
CmaTotal:              0 kB
CmaFree:               0 kB
HugePages_Total:       0
HugePages_Free:        0
HugePages_Rsvd:        0
HugePages_Surp:        0
Hugepagesize:       2048 kB
DirectMap4k:      670876 kB
DirectMap2M:    15824896 kB
DirectMap1G:     1048576 kB

container (cgroup) information:
container_type: cgroupv1
cpu_cpuset_cpus: 0-7
cpu_memory_nodes: 0
active_processor_count: 8
cpu_quota: -1
cpu_period: 100000
cpu_shares: -1
memory_limit_in_bytes: -1
memory_and_swap_limit_in_bytes: -2
memory_soft_limit_in_bytes: -1
memory_usage_in_bytes: 7766450176
memory_max_usage_in_bytes: 8341438464


CPU:total 8 (initial active 8) (4 cores per cpu, 2 threads per core) family 6 model 142 stepping 10, cmov, cx8, fxsr, mmx, sse, sse2, sse3, ssse3, sse4.1, sse4.2, popcnt, avx, avx2, aes, clmul, erms, 3dnowpref, lzcnt, ht, tsc, tscinvbit, bmi1, bmi2, adx

/proc/cpuinfo:
processor	: 0
vendor_id	: GenuineIntel
cpu family	: 6
model		: 142
model name	: Intel(R) Core(TM) i7-8550U CPU @ 1.80GHz
stepping	: 10
microcode	: 0xca
cpu MHz		: 2800.000
cache size	: 8192 KB
physical id	: 0
siblings	: 8
core id		: 0
cpu cores	: 4
apicid		: 0
initial apicid	: 0
fpu		: yes
fpu_exception	: yes
cpuid level	: 22
wp		: yes
flags		: fpu vme de pse tsc msr pae mce cx8 apic sep mtrr pge mca cmov pat pse36 clflush dts acpi mmx fxsr sse sse2 ss ht tm pbe syscall nx pdpe1gb rdtscp lm constant_tsc art arch_perfmon pebs bts rep_good nopl xtopology nonstop_tsc cpuid aperfmperf tsc_known_freq pni pclmulqdq dtes64 monitor ds_cpl vmx est tm2 ssse3 sdbg fma cx16 xtpr pdcm pcid sse4_1 sse4_2 x2apic movbe popcnt tsc_deadline_timer aes xsave avx f16c rdrand lahf_lm abm 3dnowprefetch cpuid_fault epb invpcid_single pti ssbd ibrs ibpb stibp tpr_shadow vnmi flexpriority ept vpid fsgsbase tsc_adjust bmi1 avx2 smep bmi2 erms invpcid mpx rdseed adx smap clflushopt intel_pt xsaveopt xsavec xgetbv1 xsaves dtherm ida arat pln pts hwp hwp_notify hwp_act_window hwp_epp md_clear flush_l1d
bugs		: cpu_meltdown spectre_v1 spectre_v2 spec_store_bypass l1tf mds swapgs itlb_multihit
bogomips	: 3984.00
clflush size	: 64
cache_alignment	: 64
address sizes	: 39 bits physical, 48 bits virtual
power management:

processor	: 1
vendor_id	: GenuineIntel
cpu family	: 6
model		: 142
model name	: Intel(R) Core(TM) i7-8550U CPU @ 1.80GHz
stepping	: 10
microcode	: 0xca
cpu MHz		: 2800.144
cache size	: 8192 KB
physical id	: 0
siblings	: 8
core id		: 1
cpu cores	: 4
apicid		: 2
initial apicid	: 2
fpu		: yes
fpu_exception	: yes
cpuid level	: 22
wp		: yes
flags		: fpu vme de pse tsc msr pae mce cx8 apic sep mtrr pge mca cmov pat pse36 clflush dts acpi mmx fxsr sse sse2 ss ht tm pbe syscall nx pdpe1gb rdtscp lm constant_tsc art arch_perfmon pebs bts rep_good nopl xtopology nonstop_tsc cpuid aperfmperf tsc_known_freq pni pclmulqdq dtes64 monitor ds_cpl vmx est tm2 ssse3 sdbg fma cx16 xtpr pdcm pcid sse4_1 sse4_2 x2apic movbe popcnt tsc_deadline_timer aes xsave avx f16c rdrand lahf_lm abm 3dnowprefetch cpuid_fault epb invpcid_single pti ssbd ibrs ibpb stibp tpr_shadow vnmi flexpriority ept vpid fsgsbase tsc_adjust bmi1 avx2 smep bmi2 erms invpcid mpx rdseed adx smap clflushopt intel_pt xsaveopt xsavec xgetbv1 xsaves dtherm ida arat pln pts hwp hwp_notify hwp_act_window hwp_epp md_clear flush_l1d
bugs		: cpu_meltdown spectre_v1 spectre_v2 spec_store_bypass l1tf mds swapgs itlb_multihit
bogomips	: 3984.00
clflush size	: 64
cache_alignment	: 64
address sizes	: 39 bits physical, 48 bits virtual
power management:

processor	: 2
vendor_id	: GenuineIntel
cpu family	: 6
model		: 142
model name	: Intel(R) Core(TM) i7-8550U CPU @ 1.80GHz
stepping	: 10
microcode	: 0xca
cpu MHz		: 2800.028
cache size	: 8192 KB
physical id	: 0
siblings	: 8
core id		: 2
cpu cores	: 4
apicid		: 4
initial apicid	: 4
fpu		: yes
fpu_exception	: yes
cpuid level	: 22
wp		: yes
flags		: fpu vme de pse tsc msr pae mce cx8 apic sep mtrr pge mca cmov pat pse36 clflush dts acpi mmx fxsr sse sse2 ss ht tm pbe syscall nx pdpe1gb rdtscp lm constant_tsc art arch_perfmon pebs bts rep_good nopl xtopology nonstop_tsc cpuid aperfmperf tsc_known_freq pni pclmulqdq dtes64 monitor ds_cpl vmx est tm2 ssse3 sdbg fma cx16 xtpr pdcm pcid sse4_1 sse4_2 x2apic movbe popcnt tsc_deadline_timer aes xsave avx f16c rdrand lahf_lm abm 3dnowprefetch cpuid_fault epb invpcid_single pti ssbd ibrs ibpb stibp tpr_shadow vnmi flexpriority ept vpid fsgsbase tsc_adjust bmi1 avx2 smep bmi2 erms invpcid mpx rdseed adx smap clflushopt intel_pt xsaveopt xsavec xgetbv1 xsaves dtherm ida arat pln pts hwp hwp_notify hwp_act_window hwp_epp md_clear flush_l1d
bugs		: cpu_meltdown spectre_v1 spectre_v2 spec_store_bypass l1tf mds swapgs itlb_multihit
bogomips	: 3984.00
clflush size	: 64
cache_alignment	: 64
address sizes	: 39 bits physical, 48 bits virtual
power management:

processor	: 3
vendor_id	: GenuineIntel
cpu family	: 6
model		: 142
model name	: Intel(R) Core(TM) i7-8550U CPU @ 1.80GHz
stepping	: 10
microcode	: 0xca
cpu MHz		: 2800.003
cache size	: 8192 KB
physical id	: 0
siblings	: 8
core id		: 3
cpu cores	: 4
apicid		: 6
initial apicid	: 6
fpu		: yes
fpu_exception	: yes
cpuid level	: 22
wp		: yes
flags		: fpu vme de pse tsc msr pae mce cx8 apic sep mtrr pge mca cmov pat pse36 clflush dts acpi mmx fxsr sse sse2 ss ht tm pbe syscall nx pdpe1gb rdtscp lm constant_tsc art arch_perfmon pebs bts rep_good nopl xtopology nonstop_tsc cpuid aperfmperf tsc_known_freq pni pclmulqdq dtes64 monitor ds_cpl vmx est tm2 ssse3 sdbg fma cx16 xtpr pdcm pcid sse4_1 sse4_2 x2apic movbe popcnt tsc_deadline_timer aes xsave avx f16c rdrand lahf_lm abm 3dnowprefetch cpuid_fault epb invpcid_single pti ssbd ibrs ibpb stibp tpr_shadow vnmi flexpriority ept vpid fsgsbase tsc_adjust bmi1 avx2 smep bmi2 erms invpcid mpx rdseed adx smap clflushopt intel_pt xsaveopt xsavec xgetbv1 xsaves dtherm ida arat pln pts hwp hwp_notify hwp_act_window hwp_epp md_clear flush_l1d
bugs		: cpu_meltdown spectre_v1 spectre_v2 spec_store_bypass l1tf mds swapgs itlb_multihit
bogomips	: 3984.00
clflush size	: 64
cache_alignment	: 64
address sizes	: 39 bits physical, 48 bits virtual
power management:

processor	: 4
vendor_id	: GenuineIntel
cpu family	: 6
model		: 142
model name	: Intel(R) Core(TM) i7-8550U CPU @ 1.80GHz
stepping	: 10
microcode	: 0xca
cpu MHz		: 2799.977
cache size	: 8192 KB
physical id	: 0
siblings	: 8
core id		: 0
cpu cores	: 4
apicid		: 1
initial apicid	: 1
fpu		: yes
fpu_exception	: yes
cpuid level	: 22
wp		: yes
flags		: fpu vme de pse tsc msr pae mce cx8 apic sep mtrr pge mca cmov pat pse36 clflush dts acpi mmx fxsr sse sse2 ss ht tm pbe syscall nx pdpe1gb rdtscp lm constant_tsc art arch_perfmon pebs bts rep_good nopl xtopology nonstop_tsc cpuid aperfmperf tsc_known_freq pni pclmulqdq dtes64 monitor ds_cpl vmx est tm2 ssse3 sdbg fma cx16 xtpr pdcm pcid sse4_1 sse4_2 x2apic movbe popcnt tsc_deadline_timer aes xsave avx f16c rdrand lahf_lm abm 3dnowprefetch cpuid_fault epb invpcid_single pti ssbd ibrs ibpb stibp tpr_shadow vnmi flexpriority ept vpid fsgsbase tsc_adjust bmi1 avx2 smep bmi2 erms invpcid mpx rdseed adx smap clflushopt intel_pt xsaveopt xsavec xgetbv1 xsaves dtherm ida arat pln pts hwp hwp_notify hwp_act_window hwp_epp md_clear flush_l1d
bugs		: cpu_meltdown spectre_v1 spectre_v2 spec_store_bypass l1tf mds swapgs itlb_multihit
bogomips	: 3984.00
clflush size	: 64
cache_alignment	: 64
address sizes	: 39 bits physical, 48 bits virtual
power management:

processor	: 5
vendor_id	: GenuineIntel
cpu family	: 6
model		: 142
model name	: Intel(R) Core(TM) i7-8550U CPU @ 1.80GHz
stepping	: 10
microcode	: 0xca
cpu MHz		: 2800.102
cache size	: 8192 KB
physical id	: 0
siblings	: 8
core id		: 1
cpu cores	: 4
apicid		: 3
initial apicid	: 3
fpu		: yes
fpu_exception	: yes
cpuid level	: 22
wp		: yes
flags		: fpu vme de pse tsc msr pae mce cx8 apic sep mtrr pge mca cmov pat pse36 clflush dts acpi mmx fxsr sse sse2 ss ht tm pbe syscall nx pdpe1gb rdtscp lm constant_tsc art arch_perfmon pebs bts rep_good nopl xtopology nonstop_tsc cpuid aperfmperf tsc_known_freq pni pclmulqdq dtes64 monitor ds_cpl vmx est tm2 ssse3 sdbg fma cx16 xtpr pdcm pcid sse4_1 sse4_2 x2apic movbe popcnt tsc_deadline_timer aes xsave avx f16c rdrand lahf_lm abm 3dnowprefetch cpuid_fault epb invpcid_single pti ssbd ibrs ibpb stibp tpr_shadow vnmi flexpriority ept vpid fsgsbase tsc_adjust bmi1 avx2 smep bmi2 erms invpcid mpx rdseed adx smap clflushopt intel_pt xsaveopt xsavec xgetbv1 xsaves dtherm ida arat pln pts hwp hwp_notify hwp_act_window hwp_epp md_clear flush_l1d
bugs		: cpu_meltdown spectre_v1 spectre_v2 spec_store_bypass l1tf mds swapgs itlb_multihit
bogomips	: 3984.00
clflush size	: 64
cache_alignment	: 64
address sizes	: 39 bits physical, 48 bits virtual
power management:

processor	: 6
vendor_id	: GenuineIntel
cpu family	: 6
model		: 142
model name	: Intel(R) Core(TM) i7-8550U CPU @ 1.80GHz
stepping	: 10
microcode	: 0xca
cpu MHz		: 2800.014
cache size	: 8192 KB
physical id	: 0
siblings	: 8
core id		: 2
cpu cores	: 4
apicid		: 5
initial apicid	: 5
fpu		: yes
fpu_exception	: yes
cpuid level	: 22
wp		: yes
flags		: fpu vme de pse tsc msr pae mce cx8 apic sep mtrr pge mca cmov pat pse36 clflush dts acpi mmx fxsr sse sse2 ss ht tm pbe syscall nx pdpe1gb rdtscp lm constant_tsc art arch_perfmon pebs bts rep_good nopl xtopology nonstop_tsc cpuid aperfmperf tsc_known_freq pni pclmulqdq dtes64 monitor ds_cpl vmx est tm2 ssse3 sdbg fma cx16 xtpr pdcm pcid sse4_1 sse4_2 x2apic movbe popcnt tsc_deadline_timer aes xsave avx f16c rdrand lahf_lm abm 3dnowprefetch cpuid_fault epb invpcid_single pti ssbd ibrs ibpb stibp tpr_shadow vnmi flexpriority ept vpid fsgsbase tsc_adjust bmi1 avx2 smep bmi2 erms invpcid mpx rdseed adx smap clflushopt intel_pt xsaveopt xsavec xgetbv1 xsaves dtherm ida arat pln pts hwp hwp_notify hwp_act_window hwp_epp md_clear flush_l1d
bugs		: cpu_meltdown spectre_v1 spectre_v2 spec_store_bypass l1tf mds swapgs itlb_multihit
bogomips	: 3984.00
clflush size	: 64
cache_alignment	: 64
address sizes	: 39 bits physical, 48 bits virtual
power management:

processor	: 7
vendor_id	: GenuineIntel
cpu family	: 6
model		: 142
model name	: Intel(R) Core(TM) i7-8550U CPU @ 1.80GHz
stepping	: 10
microcode	: 0xca
cpu MHz		: 2800.073
cache size	: 8192 KB
physical id	: 0
siblings	: 8
core id		: 3
cpu cores	: 4
apicid		: 7
initial apicid	: 7
fpu		: yes
fpu_exception	: yes
cpuid level	: 22
wp		: yes
flags		: fpu vme de pse tsc msr pae mce cx8 apic sep mtrr pge mca cmov pat pse36 clflush dts acpi mmx fxsr sse sse2 ss ht tm pbe syscall nx pdpe1gb rdtscp lm constant_tsc art arch_perfmon pebs bts rep_good nopl xtopology nonstop_tsc cpuid aperfmperf tsc_known_freq pni pclmulqdq dtes64 monitor ds_cpl vmx est tm2 ssse3 sdbg fma cx16 xtpr pdcm pcid sse4_1 sse4_2 x2apic movbe popcnt tsc_deadline_timer aes xsave avx f16c rdrand lahf_lm abm 3dnowprefetch cpuid_fault epb invpcid_single pti ssbd ibrs ibpb stibp tpr_shadow vnmi flexpriority ept vpid fsgsbase tsc_adjust bmi1 avx2 smep bmi2 erms invpcid mpx rdseed adx smap clflushopt intel_pt xsaveopt xsavec xgetbv1 xsaves dtherm ida arat pln pts hwp hwp_notify hwp_act_window hwp_epp md_clear flush_l1d
bugs		: cpu_meltdown spectre_v1 spectre_v2 spec_store_bypass l1tf mds swapgs itlb_multihit
bogomips	: 3984.00
clflush size	: 64
cache_alignment	: 64
address sizes	: 39 bits physical, 48 bits virtual
power management:



Memory: 4k page, physical 16145548k(171020k free), swap 3068k(0k free)

vm_info: Java HotSpot(TM) 64-Bit Server VM (25.241-b07) for linux-amd64 JRE (1.8.0_241-b07), built on Dec 11 2019 02:22:16 by "java_re" with gcc 7.3.0

time: Sun Apr 12 18:55:04 2020
timezone: CDT
elapsed time: 24 seconds (0d 0h 0m 24s)

